2024-03-31 00:07:08,957 INFO Truncated prefix logs in data path: /home/nacos/data/protocol/raft/naming_service_metadata/log from log index 2 to 2, cost 3 ms.

2024-03-31 00:14:39,912 INFO Truncated prefix logs in data path: /home/nacos/data/protocol/raft/naming_instance_metadata/log from log index 2 to 2, cost 3 ms.

2024-03-31 00:17:58,597 INFO Truncated prefix logs in data path: /home/nacos/data/protocol/raft/naming_persistent_service_v2/log from log index 2 to 2, cost 3 ms.

2024-03-31 00:37:09,025 INFO Truncated prefix logs in data path: /home/nacos/data/protocol/raft/naming_service_metadata/log from log index 2 to 2, cost 2 ms.

2024-03-31 00:44:39,994 INFO Truncated prefix logs in data path: /home/nacos/data/protocol/raft/naming_instance_metadata/log from log index 2 to 2, cost 3 ms.

2024-03-31 00:47:58,675 INFO Truncated prefix logs in data path: /home/nacos/data/protocol/raft/naming_persistent_service_v2/log from log index 2 to 2, cost 2 ms.

2024-03-31 01:07:09,073 INFO Truncated prefix logs in data path: /home/nacos/data/protocol/raft/naming_service_metadata/log from log index 2 to 2, cost 3 ms.

2024-03-31 01:14:40,005 INFO Truncated prefix logs in data path: /home/nacos/data/protocol/raft/naming_instance_metadata/log from log index 2 to 2, cost 3 ms.

2024-03-31 01:17:58,661 INFO Truncated prefix logs in data path: /home/nacos/data/protocol/raft/naming_persistent_service_v2/log from log index 2 to 2, cost 1 ms.

2024-03-31 01:37:09,074 INFO Truncated prefix logs in data path: /home/nacos/data/protocol/raft/naming_service_metadata/log from log index 2 to 2, cost 2 ms.

2024-03-31 01:44:40,009 INFO Truncated prefix logs in data path: /home/nacos/data/protocol/raft/naming_instance_metadata/log from log index 2 to 2, cost 3 ms.

2024-03-31 01:47:58,692 INFO Truncated prefix logs in data path: /home/nacos/data/protocol/raft/naming_persistent_service_v2/log from log index 2 to 2, cost 2 ms.

2024-03-31 02:07:09,097 INFO Truncated prefix logs in data path: /home/nacos/data/protocol/raft/naming_service_metadata/log from log index 2 to 2, cost 4 ms.

2024-03-31 02:14:40,007 INFO Truncated prefix logs in data path: /home/nacos/data/protocol/raft/naming_instance_metadata/log from log index 2 to 2, cost 3 ms.

2024-03-31 02:17:58,685 INFO Truncated prefix logs in data path: /home/nacos/data/protocol/raft/naming_persistent_service_v2/log from log index 2 to 2, cost 1 ms.

2024-03-31 02:37:09,090 INFO Truncated prefix logs in data path: /home/nacos/data/protocol/raft/naming_service_metadata/log from log index 2 to 2, cost 4 ms.

2024-03-31 02:44:40,298 INFO Truncated prefix logs in data path: /home/nacos/data/protocol/raft/naming_instance_metadata/log from log index 2 to 2, cost 1 ms.

2024-03-31 02:47:58,713 INFO Truncated prefix logs in data path: /home/nacos/data/protocol/raft/naming_persistent_service_v2/log from log index 2 to 2, cost 6 ms.

2024-03-31 03:07:09,072 INFO Truncated prefix logs in data path: /home/nacos/data/protocol/raft/naming_service_metadata/log from log index 2 to 2, cost 3 ms.

2024-03-31 03:14:40,231 INFO Truncated prefix logs in data path: /home/nacos/data/protocol/raft/naming_instance_metadata/log from log index 2 to 2, cost 3 ms.

2024-03-31 03:14:58,193 INFO Node <naming_service_metadata/172.29.0.2:7848> shutdown, currTerm=1 state=STATE_LEADER.

2024-03-31 03:14:58,238 INFO Fail to find the next candidate.

2024-03-31 03:14:58,239 INFO onLeaderStop: status=Status[ESHUTDOWN<1007>: Raft node is going to quit.].

2024-03-31 03:14:58,280 INFO Save raft meta, path=/home/nacos/data/protocol/raft/naming_service_metadata/meta-data, term=1, votedFor=172.29.0.2:7848, cost time=29 ms

2024-03-31 03:14:58,281 INFO Shutting down FSMCaller...

2024-03-31 03:14:58,283 INFO onShutdown.

2024-03-31 03:14:58,286 INFO ThreadPool is terminated: JRaft-RPC-Processor, com.alipay.sofa.jraft.util.MetricThreadPoolExecutor@7da14996[Shutting down, pool size = 0, active threads = 0, queued tasks = 0, completed tasks = 0].

2024-03-31 03:14:58,287 INFO ThreadPool is terminated: JRaft-Node-ScheduleThreadPool, com.alipay.sofa.jraft.util.MetricScheduledThreadPoolExecutor@64d3813a[Shutting down, pool size = 0, active threads = 0, queued tasks = 0, completed tasks = 0].

2024-03-31 03:14:58,287 INFO Destroy timer: RepeatedTimer{timeout=null, stopped=true, running=false, destroyed=true, invoking=false, timeoutMs=5000, name='JRaft-ElectionTimer-<naming_service_metadata/172.29.0.2:7848>'}.

2024-03-31 03:14:58,288 INFO Destroy timer: RepeatedTimer{timeout=null, stopped=true, running=false, destroyed=true, invoking=false, timeoutMs=5000, name='JRaft-VoteTimer-<naming_service_metadata/172.29.0.2:7848>'}.

2024-03-31 03:14:58,288 INFO Destroy timer: RepeatedTimer{timeout=null, stopped=true, running=false, destroyed=true, invoking=false, timeoutMs=2500, name='JRaft-StepDownTimer-<naming_service_metadata/172.29.0.2:7848>'}.

2024-03-31 03:14:58,288 INFO Destroy timer: RepeatedTimer{timeout=null, stopped=true, running=false, destroyed=true, invoking=false, timeoutMs=1800000, name='JRaft-SnapshotTimer-<naming_service_metadata/172.29.0.2:7848>'}.

2024-03-31 03:14:58,289 INFO The number of active nodes decrement to 2.

2024-03-31 03:14:58,289 INFO Node <naming_service_metadata/172.29.0.2:7848> shutdown, currTerm=1 state=STATE_SHUTTING.

2024-03-31 03:14:58,290 INFO Stop the RaftGroupService successfully.

2024-03-31 03:14:58,292 INFO Node <naming_instance_metadata/172.29.0.2:7848> shutdown, currTerm=1 state=STATE_LEADER.

2024-03-31 03:14:58,300 INFO Fail to find the next candidate.

2024-03-31 03:14:58,300 INFO onLeaderStop: status=Status[ESHUTDOWN<1007>: Raft node is going to quit.].

2024-03-31 03:14:58,321 INFO Save raft meta, path=/home/nacos/data/protocol/raft/naming_instance_metadata/meta-data, term=1, votedFor=172.29.0.2:7848, cost time=11 ms

2024-03-31 03:14:58,321 INFO Shutting down FSMCaller...

2024-03-31 03:14:58,322 INFO onShutdown.

2024-03-31 03:14:58,324 INFO ThreadPool is terminated: JRaft-RPC-Processor, com.alipay.sofa.jraft.util.MetricThreadPoolExecutor@3cf411b1[Shutting down, pool size = 0, active threads = 0, queued tasks = 0, completed tasks = 0].

2024-03-31 03:14:58,325 INFO ThreadPool is terminated: JRaft-Node-ScheduleThreadPool, com.alipay.sofa.jraft.util.MetricScheduledThreadPoolExecutor@44d68d44[Shutting down, pool size = 0, active threads = 0, queued tasks = 0, completed tasks = 0].

2024-03-31 03:14:58,326 INFO The number of active nodes decrement to 1.

2024-03-31 03:14:58,326 INFO Destroy timer: RepeatedTimer{timeout=null, stopped=true, running=false, destroyed=true, invoking=false, timeoutMs=5000, name='JRaft-ElectionTimer-<naming_instance_metadata/172.29.0.2:7848>'}.

2024-03-31 03:14:58,327 INFO Destroy timer: RepeatedTimer{timeout=null, stopped=true, running=false, destroyed=true, invoking=false, timeoutMs=5000, name='JRaft-VoteTimer-<naming_instance_metadata/172.29.0.2:7848>'}.

2024-03-31 03:14:58,327 INFO Destroy timer: RepeatedTimer{timeout=null, stopped=true, running=false, destroyed=true, invoking=false, timeoutMs=2500, name='JRaft-StepDownTimer-<naming_instance_metadata/172.29.0.2:7848>'}.

2024-03-31 03:14:58,329 INFO Destroy timer: RepeatedTimer{timeout=null, stopped=true, running=false, destroyed=true, invoking=false, timeoutMs=1800000, name='JRaft-SnapshotTimer-<naming_instance_metadata/172.29.0.2:7848>'}.

2024-03-31 03:14:58,330 INFO Node <naming_instance_metadata/172.29.0.2:7848> shutdown, currTerm=1 state=STATE_SHUTTING.

2024-03-31 03:14:58,331 INFO Stop the RaftGroupService successfully.

2024-03-31 03:14:58,333 INFO Node <naming_persistent_service_v2/172.29.0.2:7848> shutdown, currTerm=1 state=STATE_LEADER.

2024-03-31 03:14:58,334 INFO Fail to find the next candidate.

2024-03-31 03:14:58,334 INFO onLeaderStop: status=Status[ESHUTDOWN<1007>: Raft node is going to quit.].

2024-03-31 03:14:58,340 INFO Save raft meta, path=/home/nacos/data/protocol/raft/naming_persistent_service_v2/meta-data, term=1, votedFor=172.29.0.2:7848, cost time=4 ms

2024-03-31 03:14:58,342 INFO Shutting down FSMCaller...

2024-03-31 03:14:58,342 INFO onShutdown.

2024-03-31 03:14:58,343 INFO ThreadPool is terminated: JRaft-RPC-Processor, com.alipay.sofa.jraft.util.MetricThreadPoolExecutor@630775c4[Shutting down, pool size = 0, active threads = 0, queued tasks = 0, completed tasks = 0].

2024-03-31 03:14:58,344 INFO ThreadPool is terminated: JRaft-Node-ScheduleThreadPool, com.alipay.sofa.jraft.util.MetricScheduledThreadPoolExecutor@7f62898c[Shutting down, pool size = 0, active threads = 0, queued tasks = 0, completed tasks = 0].

2024-03-31 03:14:58,346 INFO The number of active nodes decrement to 0.

2024-03-31 03:14:58,373 INFO ThreadPool is terminated: JRaft-Global-ElectionTimer, com.alipay.sofa.jraft.util.MetricScheduledThreadPoolExecutor@4aed88c6[Shutting down, pool size = 0, active threads = 0, queued tasks = 0, completed tasks = 3].

2024-03-31 03:14:58,376 INFO Destroy timer: RepeatedTimer{timeout=null, stopped=true, running=false, destroyed=true, invoking=false, timeoutMs=5000, name='JRaft-ElectionTimer-<naming_persistent_service_v2/172.29.0.2:7848>'}.

2024-03-31 03:14:58,380 INFO ThreadPool is terminated: JRaft-Global-VoteTimer, com.alipay.sofa.jraft.util.MetricScheduledThreadPoolExecutor@2c36d43e[Shutting down, pool size = 0, active threads = 0, queued tasks = 0, completed tasks = 3].

2024-03-31 03:14:58,382 INFO Destroy timer: RepeatedTimer{timeout=null, stopped=true, running=false, destroyed=true, invoking=false, timeoutMs=5000, name='JRaft-VoteTimer-<naming_persistent_service_v2/172.29.0.2:7848>'}.

2024-03-31 03:14:58,389 INFO ThreadPool is terminated: JRaft-Global-StepDownTimer, com.alipay.sofa.jraft.util.MetricScheduledThreadPoolExecutor@1447b269[Shutting down, pool size = 0, active threads = 0, queued tasks = 0, completed tasks = 33981].

2024-03-31 03:14:58,391 INFO Destroy timer: RepeatedTimer{timeout=null, stopped=true, running=false, destroyed=true, invoking=false, timeoutMs=2500, name='JRaft-StepDownTimer-<naming_persistent_service_v2/172.29.0.2:7848>'}.

2024-03-31 03:14:58,395 INFO ThreadPool is terminated: JRaft-Global-SnapshotTimer, com.alipay.sofa.jraft.util.MetricScheduledThreadPoolExecutor@436ecae8[Shutting down, pool size = 0, active threads = 0, queued tasks = 0, completed tasks = 47].

2024-03-31 03:14:58,395 INFO Destroy timer: RepeatedTimer{timeout=null, stopped=true, running=false, destroyed=true, invoking=false, timeoutMs=1800000, name='JRaft-SnapshotTimer-<naming_persistent_service_v2/172.29.0.2:7848>'}.

2024-03-31 03:14:58,396 INFO Node <naming_persistent_service_v2/172.29.0.2:7848> shutdown, currTerm=1 state=STATE_SHUTTING.

2024-03-31 03:14:58,396 INFO Stop the RaftGroupService successfully.

2024-03-31 03:14:58,397 INFO Shutdown managed channel: 172.29.0.2:7848, ManagedChannelOrphanWrapper{delegate=ManagedChannelImpl{logId=10, target=172.29.0.2:7848}}.

2024-03-31 03:14:58,426 INFO DB destroyed, the db path is: /home/nacos/data/protocol/raft/naming_persistent_service_v2/log.

2024-03-31 03:14:58,426 INFO DB destroyed, the db path is: /home/nacos/data/protocol/raft/naming_instance_metadata/log.

2024-03-31 03:14:58,426 INFO The channel 172.29.0.2:7848 is in state: SHUTDOWN.

2024-03-31 03:14:58,426 INFO DB destroyed, the db path is: /home/nacos/data/protocol/raft/naming_service_metadata/log.

2024-03-31 03:14:58,428 WARN This channel 172.29.0.2:7848 has started shutting down. Any new RPCs should fail immediately.

2024-03-31 03:14:58,450 INFO Connection disconnected: /172.29.0.2:52982

2024-03-31 03:14:58,557 INFO ThreadPool is terminated: JRaft-RPC-Processor, com.alipay.sofa.jraft.util.MetricThreadPoolExecutor@1dc5659[Shutting down, pool size = 0, active threads = 0, queued tasks = 0, completed tasks = 22054].

2024-03-31 12:05:09,571 INFO SPI service [com.alipay.sofa.jraft.JRaftServiceFactory - com.alipay.sofa.jraft.core.DefaultJRaftServiceFactory] loading.

2024-03-31 12:05:09,980 INFO SPI service [com.alipay.sofa.jraft.rpc.RaftRpcFactory - com.alipay.sofa.jraft.rpc.impl.GrpcRaftRpcFactory] loading.

2024-03-31 12:05:10,252 INFO SPI service [com.alipay.sofa.jraft.util.JRaftSignalHandler - com.alipay.sofa.jraft.NodeDescribeSignalHandler] loading.

2024-03-31 12:05:10,254 INFO SPI service [com.alipay.sofa.jraft.util.JRaftSignalHandler - com.alipay.sofa.jraft.NodeMetricsSignalHandler] loading.

2024-03-31 12:05:10,254 INFO SPI service [com.alipay.sofa.jraft.util.JRaftSignalHandler - com.alipay.sofa.jraft.ThreadPoolMetricsSignalHandler] loading.

2024-03-31 12:05:10,261 INFO SPI service [com.alipay.sofa.jraft.util.timer.RaftTimerFactory - com.alipay.sofa.jraft.util.timer.DefaultRaftTimerFactory] loading.

2024-03-31 12:05:10,268 INFO The number of active nodes increment to 1.

2024-03-31 12:05:10,934 INFO Starts FSMCaller successfully.

2024-03-31 12:05:10,944 WARN No data for snapshot reader /home/nacos/data/protocol/raft/naming_persistent_service_v2/snapshot.

2024-03-31 12:05:10,961 INFO Node <naming_persistent_service_v2/172.18.0.4:7848> init, term=0, lastLogId=LogId [index=0, term=0], conf=172.18.0.4:7848, oldConf=.

2024-03-31 12:05:10,965 INFO Node <naming_persistent_service_v2/172.18.0.4:7848> start vote and grant vote self, term=0.

2024-03-31 12:05:11,005 INFO Save raft meta, path=/home/nacos/data/protocol/raft/naming_persistent_service_v2/meta-data, term=1, votedFor=172.18.0.4:7848, cost time=30 ms

2024-03-31 12:05:11,006 INFO Node <naming_persistent_service_v2/172.18.0.4:7848> become leader of group, term=1, conf=172.18.0.4:7848, oldConf=.

2024-03-31 12:05:11,009 INFO -Djraft.recyclers.maxCapacityPerThread: 4096.

2024-03-31 12:05:11,020 WARN RPC server is not started in RaftGroupService.

2024-03-31 12:05:11,022 INFO Start the RaftGroupService successfully.

2024-03-31 12:05:11,051 INFO onLeaderStart: term=1.

2024-03-31 12:05:11,133 INFO The number of active nodes increment to 2.

2024-03-31 12:05:11,178 INFO Starts FSMCaller successfully.

2024-03-31 12:05:11,178 WARN No data for snapshot reader /home/nacos/data/protocol/raft/naming_instance_metadata/snapshot.

2024-03-31 12:05:11,183 INFO Node <naming_instance_metadata/172.18.0.4:7848> init, term=0, lastLogId=LogId [index=0, term=0], conf=172.18.0.4:7848, oldConf=.

2024-03-31 12:05:11,184 INFO Node <naming_instance_metadata/172.18.0.4:7848> start vote and grant vote self, term=0.

2024-03-31 12:05:11,188 INFO Save raft meta, path=/home/nacos/data/protocol/raft/naming_instance_metadata/meta-data, term=1, votedFor=172.18.0.4:7848, cost time=3 ms

2024-03-31 12:05:11,188 INFO Node <naming_instance_metadata/172.18.0.4:7848> become leader of group, term=1, conf=172.18.0.4:7848, oldConf=.

2024-03-31 12:05:11,189 WARN RPC server is not started in RaftGroupService.

2024-03-31 12:05:11,189 INFO Start the RaftGroupService successfully.

2024-03-31 12:05:11,192 INFO onLeaderStart: term=1.

2024-03-31 12:05:11,563 INFO The number of active nodes increment to 3.

2024-03-31 12:05:11,602 INFO Starts FSMCaller successfully.

2024-03-31 12:05:11,602 WARN No data for snapshot reader /home/nacos/data/protocol/raft/naming_service_metadata/snapshot.

2024-03-31 12:05:11,605 INFO Node <naming_service_metadata/172.18.0.4:7848> init, term=0, lastLogId=LogId [index=0, term=0], conf=172.18.0.4:7848, oldConf=.

2024-03-31 12:05:11,606 INFO Node <naming_service_metadata/172.18.0.4:7848> start vote and grant vote self, term=0.

2024-03-31 12:05:11,611 INFO Save raft meta, path=/home/nacos/data/protocol/raft/naming_service_metadata/meta-data, term=1, votedFor=172.18.0.4:7848, cost time=4 ms

2024-03-31 12:05:11,611 INFO Creating new channel to: 172.18.0.4:7848.

2024-03-31 12:05:11,611 INFO Node <naming_service_metadata/172.18.0.4:7848> become leader of group, term=1, conf=172.18.0.4:7848, oldConf=.

2024-03-31 12:05:11,613 WARN RPC server is not started in RaftGroupService.

2024-03-31 12:05:11,613 INFO Start the RaftGroupService successfully.

2024-03-31 12:05:11,619 INFO onLeaderStart: term=1.

2024-03-31 12:05:11,751 INFO The channel 172.18.0.4:7848 is in state: CONNECTING.

2024-03-31 12:05:12,662 ERROR Fail to connect 172.18.0.4:7848, remoting exception: java.util.concurrent.TimeoutException.

2024-03-31 12:05:12,662 ERROR Fail to connect 172.18.0.4:7848, remoting exception: java.util.concurrent.TimeoutException.

2024-03-31 12:05:12,665 ERROR Fail to connect 172.18.0.4:7848, remoting exception: java.util.concurrent.TimeoutException.

2024-03-31 12:05:12,713 ERROR Fail to connect peer 172.18.0.4:7848 to get leader for group naming_instance_metadata.

2024-03-31 12:05:12,713 ERROR Fail to connect peer 172.18.0.4:7848 to get leader for group naming_service_metadata.

2024-03-31 12:05:12,713 ERROR Fail to connect peer 172.18.0.4:7848 to get leader for group naming_persistent_service_v2.

2024-03-31 12:05:12,890 INFO The channel 172.18.0.4:7848 is in state: READY.

2024-03-31 12:05:12,897 INFO The channel 172.18.0.4:7848 has successfully established.

2024-03-31 12:29:01,705 INFO Deleting snapshot /home/nacos/data/protocol/raft/naming_persistent_service_v2/snapshot/snapshot_1.

2024-03-31 12:29:01,706 INFO Renaming /home/nacos/data/protocol/raft/naming_persistent_service_v2/snapshot/temp to /home/nacos/data/protocol/raft/naming_persistent_service_v2/snapshot/snapshot_1.

2024-03-31 12:32:15,009 INFO Deleting snapshot /home/nacos/data/protocol/raft/naming_service_metadata/snapshot/snapshot_1.

2024-03-31 12:32:15,010 INFO Renaming /home/nacos/data/protocol/raft/naming_service_metadata/snapshot/temp to /home/nacos/data/protocol/raft/naming_service_metadata/snapshot/snapshot_1.

2024-03-31 12:33:16,553 INFO Deleting snapshot /home/nacos/data/protocol/raft/naming_instance_metadata/snapshot/snapshot_1.

2024-03-31 12:33:16,554 INFO Renaming /home/nacos/data/protocol/raft/naming_instance_metadata/snapshot/temp to /home/nacos/data/protocol/raft/naming_instance_metadata/snapshot/snapshot_1.

2024-03-31 13:03:53,665 INFO Truncated prefix logs in data path: /home/nacos/data/protocol/raft/naming_persistent_service_v2/log from log index 1 to 2, cost 3 ms.

2024-03-31 13:07:09,065 INFO Truncated prefix logs in data path: /home/nacos/data/protocol/raft/naming_service_metadata/log from log index 1 to 2, cost 1 ms.

2024-03-31 13:08:10,623 INFO Truncated prefix logs in data path: /home/nacos/data/protocol/raft/naming_instance_metadata/log from log index 1 to 2, cost 8 ms.

2024-03-31 13:33:55,654 INFO Truncated prefix logs in data path: /home/nacos/data/protocol/raft/naming_persistent_service_v2/log from log index 2 to 2, cost 2 ms.

2024-03-31 13:37:09,025 INFO Truncated prefix logs in data path: /home/nacos/data/protocol/raft/naming_service_metadata/log from log index 2 to 2, cost 5 ms.

2024-03-31 13:38:10,572 INFO Truncated prefix logs in data path: /home/nacos/data/protocol/raft/naming_instance_metadata/log from log index 2 to 2, cost 4 ms.

2024-03-31 14:03:55,651 INFO Truncated prefix logs in data path: /home/nacos/data/protocol/raft/naming_persistent_service_v2/log from log index 2 to 2, cost 4 ms.

2024-03-31 14:07:09,003 INFO Truncated prefix logs in data path: /home/nacos/data/protocol/raft/naming_service_metadata/log from log index 2 to 2, cost 3 ms.

2024-03-31 14:08:10,563 INFO Truncated prefix logs in data path: /home/nacos/data/protocol/raft/naming_instance_metadata/log from log index 2 to 2, cost 8 ms.

2024-03-31 14:33:55,674 INFO Truncated prefix logs in data path: /home/nacos/data/protocol/raft/naming_persistent_service_v2/log from log index 2 to 2, cost 3 ms.

2024-03-31 14:37:09,019 INFO Truncated prefix logs in data path: /home/nacos/data/protocol/raft/naming_service_metadata/log from log index 2 to 2, cost 10 ms.

2024-03-31 14:38:10,571 INFO Truncated prefix logs in data path: /home/nacos/data/protocol/raft/naming_instance_metadata/log from log index 2 to 2, cost 3 ms.

2024-03-31 15:03:55,738 INFO Truncated prefix logs in data path: /home/nacos/data/protocol/raft/naming_persistent_service_v2/log from log index 2 to 2, cost 5 ms.

2024-03-31 15:07:09,034 INFO Truncated prefix logs in data path: /home/nacos/data/protocol/raft/naming_service_metadata/log from log index 2 to 2, cost 1 ms.

2024-03-31 15:08:10,606 INFO Truncated prefix logs in data path: /home/nacos/data/protocol/raft/naming_instance_metadata/log from log index 2 to 2, cost 3 ms.

2024-03-31 15:31:15,375 INFO Node <naming_service_metadata/172.18.0.4:7848> shutdown, currTerm=1 state=STATE_LEADER.

2024-03-31 15:31:15,408 INFO Fail to find the next candidate.

2024-03-31 15:31:15,409 INFO onLeaderStop: status=Status[ESHUTDOWN<1007>: Raft node is going to quit.].

2024-03-31 15:31:15,443 INFO Save raft meta, path=/home/nacos/data/protocol/raft/naming_service_metadata/meta-data, term=1, votedFor=172.18.0.4:7848, cost time=20 ms

2024-03-31 15:31:15,444 INFO Shutting down FSMCaller...

2024-03-31 15:31:15,446 INFO onShutdown.

2024-03-31 15:31:15,448 INFO ThreadPool is terminated: JRaft-RPC-Processor, com.alipay.sofa.jraft.util.MetricThreadPoolExecutor@545bf11a[Shutting down, pool size = 0, active threads = 0, queued tasks = 0, completed tasks = 0].

2024-03-31 15:31:15,449 INFO ThreadPool is terminated: JRaft-Node-ScheduleThreadPool, com.alipay.sofa.jraft.util.MetricScheduledThreadPoolExecutor@10bfb073[Shutting down, pool size = 0, active threads = 0, queued tasks = 0, completed tasks = 0].

2024-03-31 15:31:15,449 INFO The number of active nodes decrement to 2.

2024-03-31 15:31:15,449 INFO Destroy timer: RepeatedTimer{timeout=null, stopped=true, running=false, destroyed=true, invoking=false, timeoutMs=5000, name='JRaft-ElectionTimer-<naming_service_metadata/172.18.0.4:7848>'}.

2024-03-31 15:31:15,450 INFO Destroy timer: RepeatedTimer{timeout=null, stopped=true, running=false, destroyed=true, invoking=false, timeoutMs=5000, name='JRaft-VoteTimer-<naming_service_metadata/172.18.0.4:7848>'}.

2024-03-31 15:31:15,450 INFO Destroy timer: RepeatedTimer{timeout=null, stopped=true, running=false, destroyed=true, invoking=false, timeoutMs=2500, name='JRaft-StepDownTimer-<naming_service_metadata/172.18.0.4:7848>'}.

2024-03-31 15:31:15,450 INFO Destroy timer: RepeatedTimer{timeout=null, stopped=true, running=false, destroyed=true, invoking=false, timeoutMs=1800000, name='JRaft-SnapshotTimer-<naming_service_metadata/172.18.0.4:7848>'}.

2024-03-31 15:31:15,450 INFO Node <naming_service_metadata/172.18.0.4:7848> shutdown, currTerm=1 state=STATE_SHUTTING.

2024-03-31 15:31:15,451 INFO Stop the RaftGroupService successfully.

2024-03-31 15:31:15,454 INFO Node <naming_instance_metadata/172.18.0.4:7848> shutdown, currTerm=1 state=STATE_LEADER.

2024-03-31 15:31:15,459 INFO Fail to find the next candidate.

2024-03-31 15:31:15,459 INFO onLeaderStop: status=Status[ESHUTDOWN<1007>: Raft node is going to quit.].

2024-03-31 15:31:15,467 INFO Save raft meta, path=/home/nacos/data/protocol/raft/naming_instance_metadata/meta-data, term=1, votedFor=172.18.0.4:7848, cost time=5 ms

2024-03-31 15:31:15,467 INFO Shutting down FSMCaller...

2024-03-31 15:31:15,468 INFO onShutdown.

2024-03-31 15:31:15,468 INFO ThreadPool is terminated: JRaft-RPC-Processor, com.alipay.sofa.jraft.util.MetricThreadPoolExecutor@17d51b6b[Shutting down, pool size = 0, active threads = 0, queued tasks = 0, completed tasks = 0].

2024-03-31 15:31:15,468 INFO ThreadPool is terminated: JRaft-Node-ScheduleThreadPool, com.alipay.sofa.jraft.util.MetricScheduledThreadPoolExecutor@7a840dca[Shutting down, pool size = 0, active threads = 0, queued tasks = 0, completed tasks = 0].

2024-03-31 15:31:15,468 INFO The number of active nodes decrement to 1.

2024-03-31 15:31:15,469 INFO Destroy timer: RepeatedTimer{timeout=null, stopped=true, running=false, destroyed=true, invoking=false, timeoutMs=5000, name='JRaft-ElectionTimer-<naming_instance_metadata/172.18.0.4:7848>'}.

2024-03-31 15:31:15,469 INFO Destroy timer: RepeatedTimer{timeout=null, stopped=true, running=false, destroyed=true, invoking=false, timeoutMs=5000, name='JRaft-VoteTimer-<naming_instance_metadata/172.18.0.4:7848>'}.

2024-03-31 15:31:15,470 INFO Destroy timer: RepeatedTimer{timeout=null, stopped=true, running=false, destroyed=true, invoking=false, timeoutMs=2500, name='JRaft-StepDownTimer-<naming_instance_metadata/172.18.0.4:7848>'}.

2024-03-31 15:31:15,470 INFO Destroy timer: RepeatedTimer{timeout=null, stopped=true, running=false, destroyed=true, invoking=false, timeoutMs=1800000, name='JRaft-SnapshotTimer-<naming_instance_metadata/172.18.0.4:7848>'}.

2024-03-31 15:31:15,471 INFO Node <naming_instance_metadata/172.18.0.4:7848> shutdown, currTerm=1 state=STATE_SHUTTING.

2024-03-31 15:31:15,471 INFO Stop the RaftGroupService successfully.

2024-03-31 15:31:15,475 INFO Node <naming_persistent_service_v2/172.18.0.4:7848> shutdown, currTerm=1 state=STATE_LEADER.

2024-03-31 15:31:15,479 INFO Fail to find the next candidate.

2024-03-31 15:31:15,479 INFO onLeaderStop: status=Status[ESHUTDOWN<1007>: Raft node is going to quit.].

2024-03-31 15:31:15,486 INFO Save raft meta, path=/home/nacos/data/protocol/raft/naming_persistent_service_v2/meta-data, term=1, votedFor=172.18.0.4:7848, cost time=6 ms

2024-03-31 15:31:15,487 INFO Shutting down FSMCaller...

2024-03-31 15:31:15,488 INFO onShutdown.

2024-03-31 15:31:15,490 INFO ThreadPool is terminated: JRaft-RPC-Processor, com.alipay.sofa.jraft.util.MetricThreadPoolExecutor@36ce0168[Shutting down, pool size = 0, active threads = 0, queued tasks = 0, completed tasks = 0].

2024-03-31 15:31:15,491 INFO ThreadPool is terminated: JRaft-Node-ScheduleThreadPool, com.alipay.sofa.jraft.util.MetricScheduledThreadPoolExecutor@97f4a99[Shutting down, pool size = 0, active threads = 0, queued tasks = 0, completed tasks = 0].

2024-03-31 15:31:15,491 INFO The number of active nodes decrement to 0.

2024-03-31 15:31:15,503 INFO DB destroyed, the db path is: /home/nacos/data/protocol/raft/naming_service_metadata/log.

2024-03-31 15:31:15,503 INFO DB destroyed, the db path is: /home/nacos/data/protocol/raft/naming_instance_metadata/log.

2024-03-31 15:31:15,517 INFO ThreadPool is terminated: JRaft-Global-ElectionTimer, com.alipay.sofa.jraft.util.MetricScheduledThreadPoolExecutor@57bdd28d[Shutting down, pool size = 0, active threads = 0, queued tasks = 0, completed tasks = 3].

2024-03-31 15:31:15,518 INFO Destroy timer: RepeatedTimer{timeout=null, stopped=true, running=false, destroyed=true, invoking=false, timeoutMs=5000, name='JRaft-ElectionTimer-<naming_persistent_service_v2/172.18.0.4:7848>'}.

2024-03-31 15:31:15,519 INFO ThreadPool is terminated: JRaft-Global-VoteTimer, com.alipay.sofa.jraft.util.MetricScheduledThreadPoolExecutor@511cda72[Shutting down, pool size = 2, active threads = 0, queued tasks = 0, completed tasks = 3].

2024-03-31 15:31:15,519 INFO Destroy timer: RepeatedTimer{timeout=null, stopped=true, running=false, destroyed=true, invoking=false, timeoutMs=5000, name='JRaft-VoteTimer-<naming_persistent_service_v2/172.18.0.4:7848>'}.

2024-03-31 15:31:15,523 INFO ThreadPool is terminated: JRaft-Global-StepDownTimer, com.alipay.sofa.jraft.util.MetricScheduledThreadPoolExecutor@133ba5fd[Shutting down, pool size = 4, active threads = 0, queued tasks = 0, completed tasks = 14427].

2024-03-31 15:31:15,524 INFO Destroy timer: RepeatedTimer{timeout=null, stopped=true, running=false, destroyed=true, invoking=false, timeoutMs=2500, name='JRaft-StepDownTimer-<naming_persistent_service_v2/172.18.0.4:7848>'}.

2024-03-31 15:31:15,531 INFO ThreadPool is terminated: JRaft-Global-SnapshotTimer, com.alipay.sofa.jraft.util.MetricScheduledThreadPoolExecutor@40c5d478[Shutting down, pool size = 0, active threads = 0, queued tasks = 0, completed tasks = 18].

2024-03-31 15:31:15,532 INFO Destroy timer: RepeatedTimer{timeout=null, stopped=true, running=false, destroyed=true, invoking=false, timeoutMs=1800000, name='JRaft-SnapshotTimer-<naming_persistent_service_v2/172.18.0.4:7848>'}.

2024-03-31 15:31:15,533 INFO Node <naming_persistent_service_v2/172.18.0.4:7848> shutdown, currTerm=1 state=STATE_SHUTTING.

2024-03-31 15:31:15,535 INFO Stop the RaftGroupService successfully.

2024-03-31 15:31:15,538 INFO Shutdown managed channel: 172.18.0.4:7848, ManagedChannelOrphanWrapper{delegate=ManagedChannelImpl{logId=10, target=172.18.0.4:7848}}.

2024-03-31 15:31:15,542 INFO DB destroyed, the db path is: /home/nacos/data/protocol/raft/naming_persistent_service_v2/log.

2024-03-31 15:31:15,546 INFO The channel 172.18.0.4:7848 is in state: SHUTDOWN.

2024-03-31 15:31:15,546 WARN This channel 172.18.0.4:7848 has started shutting down. Any new RPCs should fail immediately.

2024-03-31 15:31:15,570 INFO Connection disconnected: /172.18.0.4:35472

2024-03-31 15:31:15,598 INFO ThreadPool is terminated: JRaft-RPC-Processor, com.alipay.sofa.jraft.util.MetricThreadPoolExecutor@1a2e5d9a[Shutting down, pool size = 1, active threads = 0, queued tasks = 0, completed tasks = 8734].

2024-03-31 15:32:38,481 INFO SPI service [com.alipay.sofa.jraft.JRaftServiceFactory - com.alipay.sofa.jraft.core.DefaultJRaftServiceFactory] loading.

2024-03-31 15:32:38,992 INFO SPI service [com.alipay.sofa.jraft.rpc.RaftRpcFactory - com.alipay.sofa.jraft.rpc.impl.GrpcRaftRpcFactory] loading.

2024-03-31 15:32:39,386 INFO SPI service [com.alipay.sofa.jraft.util.JRaftSignalHandler - com.alipay.sofa.jraft.NodeDescribeSignalHandler] loading.

2024-03-31 15:32:39,387 INFO SPI service [com.alipay.sofa.jraft.util.JRaftSignalHandler - com.alipay.sofa.jraft.NodeMetricsSignalHandler] loading.

2024-03-31 15:32:39,388 INFO SPI service [com.alipay.sofa.jraft.util.JRaftSignalHandler - com.alipay.sofa.jraft.ThreadPoolMetricsSignalHandler] loading.

2024-03-31 15:32:39,396 INFO SPI service [com.alipay.sofa.jraft.util.timer.RaftTimerFactory - com.alipay.sofa.jraft.util.timer.DefaultRaftTimerFactory] loading.

2024-03-31 15:32:39,404 INFO The number of active nodes increment to 1.

2024-03-31 15:32:40,257 INFO Starts FSMCaller successfully.

2024-03-31 15:32:40,270 WARN No data for snapshot reader /home/nacos/data/protocol/raft/naming_persistent_service_v2/snapshot.

2024-03-31 15:32:40,287 INFO Node <naming_persistent_service_v2/172.19.0.4:7848> init, term=0, lastLogId=LogId [index=0, term=0], conf=172.19.0.4:7848, oldConf=.

2024-03-31 15:32:40,291 INFO Node <naming_persistent_service_v2/172.19.0.4:7848> start vote and grant vote self, term=0.

2024-03-31 15:32:40,338 INFO Save raft meta, path=/home/nacos/data/protocol/raft/naming_persistent_service_v2/meta-data, term=1, votedFor=172.19.0.4:7848, cost time=35 ms

2024-03-31 15:32:40,340 INFO Node <naming_persistent_service_v2/172.19.0.4:7848> become leader of group, term=1, conf=172.19.0.4:7848, oldConf=.

2024-03-31 15:32:40,345 INFO -Djraft.recyclers.maxCapacityPerThread: 4096.

2024-03-31 15:32:40,356 WARN RPC server is not started in RaftGroupService.

2024-03-31 15:32:40,356 INFO Start the RaftGroupService successfully.

2024-03-31 15:32:40,392 INFO onLeaderStart: term=1.

2024-03-31 15:32:40,601 INFO The number of active nodes increment to 2.

2024-03-31 15:32:40,941 INFO Starts FSMCaller successfully.

2024-03-31 15:32:40,964 WARN No data for snapshot reader /home/nacos/data/protocol/raft/naming_instance_metadata/snapshot.

2024-03-31 15:32:40,982 INFO Node <naming_instance_metadata/172.19.0.4:7848> init, term=0, lastLogId=LogId [index=0, term=0], conf=172.19.0.4:7848, oldConf=.

2024-03-31 15:32:40,985 INFO Node <naming_instance_metadata/172.19.0.4:7848> start vote and grant vote self, term=0.

2024-03-31 15:32:40,999 INFO Save raft meta, path=/home/nacos/data/protocol/raft/naming_instance_metadata/meta-data, term=1, votedFor=172.19.0.4:7848, cost time=12 ms

2024-03-31 15:32:40,999 INFO Node <naming_instance_metadata/172.19.0.4:7848> become leader of group, term=1, conf=172.19.0.4:7848, oldConf=.

2024-03-31 15:32:41,000 WARN RPC server is not started in RaftGroupService.

2024-03-31 15:32:41,000 INFO Start the RaftGroupService successfully.

2024-03-31 15:32:41,006 INFO onLeaderStart: term=1.

2024-03-31 15:32:41,033 INFO Creating new channel to: 172.19.0.4:7848.

2024-03-31 15:32:41,104 INFO The number of active nodes increment to 3.

2024-03-31 15:32:41,170 INFO Starts FSMCaller successfully.

2024-03-31 15:32:41,174 WARN No data for snapshot reader /home/nacos/data/protocol/raft/naming_service_metadata/snapshot.

2024-03-31 15:32:41,177 INFO Node <naming_service_metadata/172.19.0.4:7848> init, term=0, lastLogId=LogId [index=0, term=0], conf=172.19.0.4:7848, oldConf=.

2024-03-31 15:32:41,181 INFO Node <naming_service_metadata/172.19.0.4:7848> start vote and grant vote self, term=0.

2024-03-31 15:32:41,188 INFO Save raft meta, path=/home/nacos/data/protocol/raft/naming_service_metadata/meta-data, term=1, votedFor=172.19.0.4:7848, cost time=4 ms

2024-03-31 15:32:41,189 INFO Node <naming_service_metadata/172.19.0.4:7848> become leader of group, term=1, conf=172.19.0.4:7848, oldConf=.

2024-03-31 15:32:41,191 INFO The channel 172.19.0.4:7848 is in state: CONNECTING.

2024-03-31 15:32:41,191 WARN RPC server is not started in RaftGroupService.

2024-03-31 15:32:41,192 INFO Start the RaftGroupService successfully.

2024-03-31 15:32:41,197 INFO onLeaderStart: term=1.

2024-03-31 15:32:42,092 ERROR Fail to connect 172.19.0.4:7848, remoting exception: java.util.concurrent.TimeoutException.

2024-03-31 15:32:42,101 ERROR Fail to connect 172.19.0.4:7848, remoting exception: java.util.concurrent.TimeoutException.

2024-03-31 15:32:42,111 ERROR Fail to connect peer 172.19.0.4:7848 to get leader for group naming_persistent_service_v2.

2024-03-31 15:32:42,110 ERROR Fail to connect peer 172.19.0.4:7848 to get leader for group naming_instance_metadata.

2024-03-31 15:32:42,328 INFO The channel 172.19.0.4:7848 is in state: READY.

2024-03-31 15:32:42,331 INFO The channel 172.19.0.4:7848 has successfully established.

2024-03-31 15:54:52,773 INFO Deleting snapshot /home/nacos/data/protocol/raft/naming_persistent_service_v2/snapshot/snapshot_1.

2024-03-31 15:54:52,776 INFO Renaming /home/nacos/data/protocol/raft/naming_persistent_service_v2/snapshot/temp to /home/nacos/data/protocol/raft/naming_persistent_service_v2/snapshot/snapshot_1.

2024-03-31 15:58:40,468 INFO Deleting snapshot /home/nacos/data/protocol/raft/naming_service_metadata/snapshot/snapshot_1.

2024-03-31 15:58:40,468 INFO Renaming /home/nacos/data/protocol/raft/naming_service_metadata/snapshot/temp to /home/nacos/data/protocol/raft/naming_service_metadata/snapshot/snapshot_1.

2024-03-31 15:59:06,458 INFO Deleting snapshot /home/nacos/data/protocol/raft/naming_instance_metadata/snapshot/snapshot_1.

2024-03-31 15:59:06,459 INFO Renaming /home/nacos/data/protocol/raft/naming_instance_metadata/snapshot/temp to /home/nacos/data/protocol/raft/naming_instance_metadata/snapshot/snapshot_1.

2024-03-31 16:24:52,723 INFO Truncated prefix logs in data path: /home/nacos/data/protocol/raft/naming_persistent_service_v2/log from log index 1 to 2, cost 7 ms.

2024-03-31 16:28:40,451 INFO Truncated prefix logs in data path: /home/nacos/data/protocol/raft/naming_service_metadata/log from log index 1 to 2, cost 1 ms.

2024-03-31 16:29:06,655 INFO Truncated prefix logs in data path: /home/nacos/data/protocol/raft/naming_instance_metadata/log from log index 1 to 2, cost 1 ms.

2024-03-31 16:54:52,683 INFO Truncated prefix logs in data path: /home/nacos/data/protocol/raft/naming_persistent_service_v2/log from log index 2 to 2, cost 3 ms.

2024-03-31 16:58:40,461 INFO Truncated prefix logs in data path: /home/nacos/data/protocol/raft/naming_service_metadata/log from log index 2 to 2, cost 3 ms.

2024-03-31 16:59:06,643 INFO Truncated prefix logs in data path: /home/nacos/data/protocol/raft/naming_instance_metadata/log from log index 2 to 2, cost 2 ms.

2024-03-31 17:24:52,666 INFO Truncated prefix logs in data path: /home/nacos/data/protocol/raft/naming_persistent_service_v2/log from log index 2 to 2, cost 2 ms.

2024-03-31 17:28:40,444 INFO Truncated prefix logs in data path: /home/nacos/data/protocol/raft/naming_service_metadata/log from log index 2 to 2, cost 2 ms.

2024-03-31 17:29:06,639 INFO Truncated prefix logs in data path: /home/nacos/data/protocol/raft/naming_instance_metadata/log from log index 2 to 2, cost 3 ms.

2024-03-31 17:54:52,699 INFO Truncated prefix logs in data path: /home/nacos/data/protocol/raft/naming_persistent_service_v2/log from log index 2 to 2, cost 2 ms.

2024-03-31 17:58:40,468 INFO Truncated prefix logs in data path: /home/nacos/data/protocol/raft/naming_service_metadata/log from log index 2 to 2, cost 1 ms.

2024-03-31 17:59:06,650 INFO Truncated prefix logs in data path: /home/nacos/data/protocol/raft/naming_instance_metadata/log from log index 2 to 2, cost 1 ms.

2024-03-31 18:24:52,738 INFO Truncated prefix logs in data path: /home/nacos/data/protocol/raft/naming_persistent_service_v2/log from log index 2 to 2, cost 2 ms.

2024-03-31 18:28:40,490 INFO Truncated prefix logs in data path: /home/nacos/data/protocol/raft/naming_service_metadata/log from log index 2 to 2, cost 1 ms.

2024-03-31 18:29:06,675 INFO Truncated prefix logs in data path: /home/nacos/data/protocol/raft/naming_instance_metadata/log from log index 2 to 2, cost 1 ms.

2024-03-31 18:42:47,654 INFO Node <naming_service_metadata/172.19.0.4:7848> shutdown, currTerm=1 state=STATE_LEADER.

2024-03-31 18:42:47,676 INFO Fail to find the next candidate.

2024-03-31 18:42:47,676 INFO onLeaderStop: status=Status[ESHUTDOWN<1007>: Raft node is going to quit.].

2024-03-31 18:42:47,711 INFO Save raft meta, path=/home/nacos/data/protocol/raft/naming_service_metadata/meta-data, term=1, votedFor=172.19.0.4:7848, cost time=20 ms

2024-03-31 18:42:47,713 INFO Shutting down FSMCaller...

2024-03-31 18:42:47,715 INFO onShutdown.

2024-03-31 18:42:47,716 INFO ThreadPool is terminated: JRaft-RPC-Processor, com.alipay.sofa.jraft.util.MetricThreadPoolExecutor@6c901dfa[Shutting down, pool size = 0, active threads = 0, queued tasks = 0, completed tasks = 0].

2024-03-31 18:42:47,717 INFO ThreadPool is terminated: JRaft-Node-ScheduleThreadPool, com.alipay.sofa.jraft.util.MetricScheduledThreadPoolExecutor@40b43ed2[Shutting down, pool size = 0, active threads = 0, queued tasks = 0, completed tasks = 0].

2024-03-31 18:42:47,718 INFO Destroy timer: RepeatedTimer{timeout=null, stopped=true, running=false, destroyed=true, invoking=false, timeoutMs=5000, name='JRaft-ElectionTimer-<naming_service_metadata/172.19.0.4:7848>'}.

2024-03-31 18:42:47,719 INFO The number of active nodes decrement to 2.

2024-03-31 18:42:47,719 INFO Destroy timer: RepeatedTimer{timeout=null, stopped=true, running=false, destroyed=true, invoking=false, timeoutMs=5000, name='JRaft-VoteTimer-<naming_service_metadata/172.19.0.4:7848>'}.

2024-03-31 18:42:47,720 INFO Destroy timer: RepeatedTimer{timeout=null, stopped=true, running=false, destroyed=true, invoking=false, timeoutMs=2500, name='JRaft-StepDownTimer-<naming_service_metadata/172.19.0.4:7848>'}.

2024-03-31 18:42:47,720 INFO Destroy timer: RepeatedTimer{timeout=null, stopped=true, running=false, destroyed=true, invoking=false, timeoutMs=1800000, name='JRaft-SnapshotTimer-<naming_service_metadata/172.19.0.4:7848>'}.

2024-03-31 18:42:47,721 INFO Node <naming_service_metadata/172.19.0.4:7848> shutdown, currTerm=1 state=STATE_SHUTTING.

2024-03-31 18:42:47,722 INFO Stop the RaftGroupService successfully.

2024-03-31 18:42:47,724 INFO Node <naming_instance_metadata/172.19.0.4:7848> shutdown, currTerm=1 state=STATE_LEADER.

2024-03-31 18:42:47,729 INFO Fail to find the next candidate.

2024-03-31 18:42:47,729 INFO onLeaderStop: status=Status[ESHUTDOWN<1007>: Raft node is going to quit.].

2024-03-31 18:42:47,741 INFO Save raft meta, path=/home/nacos/data/protocol/raft/naming_instance_metadata/meta-data, term=1, votedFor=172.19.0.4:7848, cost time=6 ms

2024-03-31 18:42:47,742 INFO Shutting down FSMCaller...

2024-03-31 18:42:47,742 INFO onShutdown.

2024-03-31 18:42:47,743 INFO ThreadPool is terminated: JRaft-RPC-Processor, com.alipay.sofa.jraft.util.MetricThreadPoolExecutor@3df37e35[Shutting down, pool size = 0, active threads = 0, queued tasks = 0, completed tasks = 0].

2024-03-31 18:42:47,745 INFO ThreadPool is terminated: JRaft-Node-ScheduleThreadPool, com.alipay.sofa.jraft.util.MetricScheduledThreadPoolExecutor@5cd095f7[Shutting down, pool size = 0, active threads = 0, queued tasks = 0, completed tasks = 0].

2024-03-31 18:42:47,746 INFO Destroy timer: RepeatedTimer{timeout=null, stopped=true, running=false, destroyed=true, invoking=false, timeoutMs=5000, name='JRaft-ElectionTimer-<naming_instance_metadata/172.19.0.4:7848>'}.

2024-03-31 18:42:47,747 INFO The number of active nodes decrement to 1.

2024-03-31 18:42:47,747 INFO Destroy timer: RepeatedTimer{timeout=null, stopped=true, running=false, destroyed=true, invoking=false, timeoutMs=5000, name='JRaft-VoteTimer-<naming_instance_metadata/172.19.0.4:7848>'}.

2024-03-31 18:42:47,748 INFO Destroy timer: RepeatedTimer{timeout=null, stopped=true, running=false, destroyed=true, invoking=false, timeoutMs=2500, name='JRaft-StepDownTimer-<naming_instance_metadata/172.19.0.4:7848>'}.

2024-03-31 18:42:47,748 INFO Destroy timer: RepeatedTimer{timeout=null, stopped=true, running=false, destroyed=true, invoking=false, timeoutMs=1800000, name='JRaft-SnapshotTimer-<naming_instance_metadata/172.19.0.4:7848>'}.

2024-03-31 18:42:47,749 INFO Node <naming_instance_metadata/172.19.0.4:7848> shutdown, currTerm=1 state=STATE_SHUTTING.

2024-03-31 18:42:47,751 INFO Stop the RaftGroupService successfully.

2024-03-31 18:42:47,754 INFO Node <naming_persistent_service_v2/172.19.0.4:7848> shutdown, currTerm=1 state=STATE_LEADER.

2024-03-31 18:42:47,757 INFO Fail to find the next candidate.

2024-03-31 18:42:47,758 INFO onLeaderStop: status=Status[ESHUTDOWN<1007>: Raft node is going to quit.].

2024-03-31 18:42:47,765 INFO Save raft meta, path=/home/nacos/data/protocol/raft/naming_persistent_service_v2/meta-data, term=1, votedFor=172.19.0.4:7848, cost time=4 ms

2024-03-31 18:42:47,766 INFO Shutting down FSMCaller...

2024-03-31 18:42:47,767 INFO onShutdown.

2024-03-31 18:42:47,768 INFO ThreadPool is terminated: JRaft-RPC-Processor, com.alipay.sofa.jraft.util.MetricThreadPoolExecutor@2de19f2d[Shutting down, pool size = 0, active threads = 0, queued tasks = 0, completed tasks = 0].

2024-03-31 18:42:47,769 INFO ThreadPool is terminated: JRaft-Node-ScheduleThreadPool, com.alipay.sofa.jraft.util.MetricScheduledThreadPoolExecutor@b455e72[Shutting down, pool size = 0, active threads = 0, queued tasks = 0, completed tasks = 0].

2024-03-31 18:42:47,770 INFO The number of active nodes decrement to 0.

2024-03-31 18:42:47,797 INFO ThreadPool is terminated: JRaft-Global-ElectionTimer, com.alipay.sofa.jraft.util.MetricScheduledThreadPoolExecutor@47923786[Shutting down, pool size = 0, active threads = 0, queued tasks = 0, completed tasks = 3].

2024-03-31 18:42:47,805 INFO Destroy timer: RepeatedTimer{timeout=null, stopped=true, running=false, destroyed=true, invoking=false, timeoutMs=5000, name='JRaft-ElectionTimer-<naming_persistent_service_v2/172.19.0.4:7848>'}.

2024-03-31 18:42:47,808 INFO DB destroyed, the db path is: /home/nacos/data/protocol/raft/naming_service_metadata/log.

2024-03-31 18:42:47,808 INFO DB destroyed, the db path is: /home/nacos/data/protocol/raft/naming_instance_metadata/log.

2024-03-31 18:42:47,810 INFO ThreadPool is terminated: JRaft-Global-VoteTimer, com.alipay.sofa.jraft.util.MetricScheduledThreadPoolExecutor@2cc8abf6[Shutting down, pool size = 0, active threads = 0, queued tasks = 0, completed tasks = 3].

2024-03-31 18:42:47,812 INFO Destroy timer: RepeatedTimer{timeout=null, stopped=true, running=false, destroyed=true, invoking=false, timeoutMs=5000, name='JRaft-VoteTimer-<naming_persistent_service_v2/172.19.0.4:7848>'}.

2024-03-31 18:42:47,816 INFO ThreadPool is terminated: JRaft-Global-StepDownTimer, com.alipay.sofa.jraft.util.MetricScheduledThreadPoolExecutor@d8ed6bc[Shutting down, pool size = 0, active threads = 0, queued tasks = 0, completed tasks = 13629].

2024-03-31 18:42:47,816 INFO Destroy timer: RepeatedTimer{timeout=null, stopped=true, running=false, destroyed=true, invoking=false, timeoutMs=2500, name='JRaft-StepDownTimer-<naming_persistent_service_v2/172.19.0.4:7848>'}.

2024-03-31 18:42:47,819 INFO ThreadPool is terminated: JRaft-Global-SnapshotTimer, com.alipay.sofa.jraft.util.MetricScheduledThreadPoolExecutor@12a83d50[Shutting down, pool size = 5, active threads = 0, queued tasks = 0, completed tasks = 18].

2024-03-31 18:42:47,820 INFO Destroy timer: RepeatedTimer{timeout=null, stopped=true, running=false, destroyed=true, invoking=false, timeoutMs=1800000, name='JRaft-SnapshotTimer-<naming_persistent_service_v2/172.19.0.4:7848>'}.

2024-03-31 18:42:47,821 INFO Node <naming_persistent_service_v2/172.19.0.4:7848> shutdown, currTerm=1 state=STATE_SHUTTING.

2024-03-31 18:42:47,828 INFO Stop the RaftGroupService successfully.

2024-03-31 18:42:47,832 INFO Shutdown managed channel: 172.19.0.4:7848, ManagedChannelOrphanWrapper{delegate=ManagedChannelImpl{logId=10, target=172.19.0.4:7848}}.

2024-03-31 18:42:47,833 INFO DB destroyed, the db path is: /home/nacos/data/protocol/raft/naming_persistent_service_v2/log.

2024-03-31 18:42:47,836 INFO The channel 172.19.0.4:7848 is in state: SHUTDOWN.

2024-03-31 18:42:47,837 WARN This channel 172.19.0.4:7848 has started shutting down. Any new RPCs should fail immediately.

2024-03-31 18:42:47,853 INFO Connection disconnected: /172.19.0.4:57220

2024-03-31 18:42:47,894 INFO ThreadPool is terminated: JRaft-RPC-Processor, com.alipay.sofa.jraft.util.MetricThreadPoolExecutor@53e422[Shutting down, pool size = 19, active threads = 0, queued tasks = 0, completed tasks = 9600].

2024-03-31 18:46:51,359 INFO SPI service [com.alipay.sofa.jraft.JRaftServiceFactory - com.alipay.sofa.jraft.core.DefaultJRaftServiceFactory] loading.

2024-03-31 18:46:51,742 INFO SPI service [com.alipay.sofa.jraft.rpc.RaftRpcFactory - com.alipay.sofa.jraft.rpc.impl.GrpcRaftRpcFactory] loading.

2024-03-31 18:46:52,023 INFO SPI service [com.alipay.sofa.jraft.util.JRaftSignalHandler - com.alipay.sofa.jraft.NodeDescribeSignalHandler] loading.

2024-03-31 18:46:52,024 INFO SPI service [com.alipay.sofa.jraft.util.JRaftSignalHandler - com.alipay.sofa.jraft.NodeMetricsSignalHandler] loading.

2024-03-31 18:46:52,025 INFO SPI service [com.alipay.sofa.jraft.util.JRaftSignalHandler - com.alipay.sofa.jraft.ThreadPoolMetricsSignalHandler] loading.

2024-03-31 18:46:52,031 INFO SPI service [com.alipay.sofa.jraft.util.timer.RaftTimerFactory - com.alipay.sofa.jraft.util.timer.DefaultRaftTimerFactory] loading.

2024-03-31 18:46:52,038 INFO The number of active nodes increment to 1.

2024-03-31 18:46:52,718 INFO Starts FSMCaller successfully.

2024-03-31 18:46:52,728 WARN No data for snapshot reader /home/nacos/data/protocol/raft/naming_persistent_service_v2/snapshot.

2024-03-31 18:46:52,744 INFO Node <naming_persistent_service_v2/172.20.0.4:7848> init, term=0, lastLogId=LogId [index=0, term=0], conf=172.20.0.4:7848, oldConf=.

2024-03-31 18:46:52,747 INFO Node <naming_persistent_service_v2/172.20.0.4:7848> start vote and grant vote self, term=0.

2024-03-31 18:46:52,785 INFO Save raft meta, path=/home/nacos/data/protocol/raft/naming_persistent_service_v2/meta-data, term=1, votedFor=172.20.0.4:7848, cost time=30 ms

2024-03-31 18:46:52,786 INFO Node <naming_persistent_service_v2/172.20.0.4:7848> become leader of group, term=1, conf=172.20.0.4:7848, oldConf=.

2024-03-31 18:46:52,790 INFO -Djraft.recyclers.maxCapacityPerThread: 4096.

2024-03-31 18:46:52,799 WARN RPC server is not started in RaftGroupService.

2024-03-31 18:46:52,800 INFO Start the RaftGroupService successfully.

2024-03-31 18:46:52,841 INFO onLeaderStart: term=1.

2024-03-31 18:46:53,006 INFO The number of active nodes increment to 2.

2024-03-31 18:46:53,328 INFO Starts FSMCaller successfully.

2024-03-31 18:46:53,339 WARN No data for snapshot reader /home/nacos/data/protocol/raft/naming_instance_metadata/snapshot.

2024-03-31 18:46:53,350 INFO Node <naming_instance_metadata/172.20.0.4:7848> init, term=0, lastLogId=LogId [index=0, term=0], conf=172.20.0.4:7848, oldConf=.

2024-03-31 18:46:53,354 INFO Node <naming_instance_metadata/172.20.0.4:7848> start vote and grant vote self, term=0.

2024-03-31 18:46:53,361 INFO Save raft meta, path=/home/nacos/data/protocol/raft/naming_instance_metadata/meta-data, term=1, votedFor=172.20.0.4:7848, cost time=5 ms

2024-03-31 18:46:53,361 INFO Node <naming_instance_metadata/172.20.0.4:7848> become leader of group, term=1, conf=172.20.0.4:7848, oldConf=.

2024-03-31 18:46:53,363 WARN RPC server is not started in RaftGroupService.

2024-03-31 18:46:53,365 INFO Start the RaftGroupService successfully.

2024-03-31 18:46:53,370 INFO onLeaderStart: term=1.

2024-03-31 18:46:53,437 INFO Creating new channel to: 172.20.0.4:7848.

2024-03-31 18:46:53,451 INFO The number of active nodes increment to 3.

2024-03-31 18:46:53,493 INFO Starts FSMCaller successfully.

2024-03-31 18:46:53,494 WARN No data for snapshot reader /home/nacos/data/protocol/raft/naming_service_metadata/snapshot.

2024-03-31 18:46:53,495 INFO Node <naming_service_metadata/172.20.0.4:7848> init, term=0, lastLogId=LogId [index=0, term=0], conf=172.20.0.4:7848, oldConf=.

2024-03-31 18:46:53,496 INFO Node <naming_service_metadata/172.20.0.4:7848> start vote and grant vote self, term=0.

2024-03-31 18:46:53,498 INFO Save raft meta, path=/home/nacos/data/protocol/raft/naming_service_metadata/meta-data, term=1, votedFor=172.20.0.4:7848, cost time=1 ms

2024-03-31 18:46:53,498 INFO Node <naming_service_metadata/172.20.0.4:7848> become leader of group, term=1, conf=172.20.0.4:7848, oldConf=.

2024-03-31 18:46:53,498 WARN RPC server is not started in RaftGroupService.

2024-03-31 18:46:53,498 INFO Start the RaftGroupService successfully.

2024-03-31 18:46:53,500 INFO onLeaderStart: term=1.

2024-03-31 18:46:53,574 INFO The channel 172.20.0.4:7848 is in state: CONNECTING.

2024-03-31 18:46:54,476 ERROR Fail to connect 172.20.0.4:7848, remoting exception: java.util.concurrent.TimeoutException.

2024-03-31 18:46:54,476 ERROR Fail to connect 172.20.0.4:7848, remoting exception: java.util.concurrent.TimeoutException.

2024-03-31 18:46:54,495 ERROR Fail to connect peer 172.20.0.4:7848 to get leader for group naming_instance_metadata.

2024-03-31 18:46:54,495 ERROR Fail to connect peer 172.20.0.4:7848 to get leader for group naming_persistent_service_v2.

2024-03-31 18:46:54,942 INFO The channel 172.20.0.4:7848 is in state: READY.

2024-03-31 18:46:54,948 INFO The channel 172.20.0.4:7848 has successfully established.

2024-03-31 19:04:12,292 INFO Deleting snapshot /home/nacos/data/protocol/raft/naming_persistent_service_v2/snapshot/snapshot_1.

2024-03-31 19:04:12,293 INFO Renaming /home/nacos/data/protocol/raft/naming_persistent_service_v2/snapshot/temp to /home/nacos/data/protocol/raft/naming_persistent_service_v2/snapshot/snapshot_1.

2024-03-31 19:09:01,535 INFO Deleting snapshot /home/nacos/data/protocol/raft/naming_service_metadata/snapshot/snapshot_1.

2024-03-31 19:09:01,541 INFO Renaming /home/nacos/data/protocol/raft/naming_service_metadata/snapshot/temp to /home/nacos/data/protocol/raft/naming_service_metadata/snapshot/snapshot_1.

2024-03-31 19:16:50,542 INFO Deleting snapshot /home/nacos/data/protocol/raft/naming_instance_metadata/snapshot/snapshot_1.

2024-03-31 19:16:50,548 INFO Renaming /home/nacos/data/protocol/raft/naming_instance_metadata/snapshot/temp to /home/nacos/data/protocol/raft/naming_instance_metadata/snapshot/snapshot_1.

2024-03-31 19:29:11,942 INFO Node <naming_service_metadata/172.20.0.4:7848> shutdown, currTerm=1 state=STATE_LEADER.

2024-03-31 19:29:11,958 INFO Fail to find the next candidate.

2024-03-31 19:29:11,958 INFO onLeaderStop: status=Status[ESHUTDOWN<1007>: Raft node is going to quit.].

2024-03-31 19:29:11,990 INFO Save raft meta, path=/home/nacos/data/protocol/raft/naming_service_metadata/meta-data, term=1, votedFor=172.20.0.4:7848, cost time=15 ms

2024-03-31 19:29:11,993 INFO Shutting down FSMCaller...

2024-03-31 19:29:11,996 INFO onShutdown.

2024-03-31 19:29:11,998 INFO ThreadPool is terminated: JRaft-RPC-Processor, com.alipay.sofa.jraft.util.MetricThreadPoolExecutor@22706b2a[Shutting down, pool size = 0, active threads = 0, queued tasks = 0, completed tasks = 0].

2024-03-31 19:29:11,999 INFO ThreadPool is terminated: JRaft-Node-ScheduleThreadPool, com.alipay.sofa.jraft.util.MetricScheduledThreadPoolExecutor@3a840ce[Shutting down, pool size = 0, active threads = 0, queued tasks = 0, completed tasks = 0].

2024-03-31 19:29:12,000 INFO The number of active nodes decrement to 2.

2024-03-31 19:29:12,000 INFO Destroy timer: RepeatedTimer{timeout=null, stopped=true, running=false, destroyed=true, invoking=false, timeoutMs=5000, name='JRaft-ElectionTimer-<naming_service_metadata/172.20.0.4:7848>'}.

2024-03-31 19:29:12,001 INFO Destroy timer: RepeatedTimer{timeout=null, stopped=true, running=false, destroyed=true, invoking=false, timeoutMs=5000, name='JRaft-VoteTimer-<naming_service_metadata/172.20.0.4:7848>'}.

2024-03-31 19:29:12,002 INFO Destroy timer: RepeatedTimer{timeout=null, stopped=true, running=false, destroyed=true, invoking=false, timeoutMs=2500, name='JRaft-StepDownTimer-<naming_service_metadata/172.20.0.4:7848>'}.

2024-03-31 19:29:12,002 INFO Destroy timer: RepeatedTimer{timeout=null, stopped=true, running=false, destroyed=true, invoking=false, timeoutMs=1800000, name='JRaft-SnapshotTimer-<naming_service_metadata/172.20.0.4:7848>'}.

2024-03-31 19:29:12,004 INFO Node <naming_service_metadata/172.20.0.4:7848> shutdown, currTerm=1 state=STATE_SHUTTING.

2024-03-31 19:29:12,004 INFO Stop the RaftGroupService successfully.

2024-03-31 19:29:12,006 INFO Node <naming_instance_metadata/172.20.0.4:7848> shutdown, currTerm=1 state=STATE_LEADER.

2024-03-31 19:29:12,008 INFO onLeaderStop: status=Status[ESHUTDOWN<1007>: Raft node is going to quit.].

2024-03-31 19:29:12,009 INFO Fail to find the next candidate.

2024-03-31 19:29:12,021 INFO Save raft meta, path=/home/nacos/data/protocol/raft/naming_instance_metadata/meta-data, term=1, votedFor=172.20.0.4:7848, cost time=6 ms

2024-03-31 19:29:12,021 INFO Shutting down FSMCaller...

2024-03-31 19:29:12,022 INFO onShutdown.

2024-03-31 19:29:12,023 INFO ThreadPool is terminated: JRaft-RPC-Processor, com.alipay.sofa.jraft.util.MetricThreadPoolExecutor@51f4c9e2[Shutting down, pool size = 0, active threads = 0, queued tasks = 0, completed tasks = 0].

2024-03-31 19:29:12,024 INFO ThreadPool is terminated: JRaft-Node-ScheduleThreadPool, com.alipay.sofa.jraft.util.MetricScheduledThreadPoolExecutor@101b4d22[Shutting down, pool size = 0, active threads = 0, queued tasks = 0, completed tasks = 0].

2024-03-31 19:29:12,024 INFO The number of active nodes decrement to 1.

2024-03-31 19:29:12,024 INFO Destroy timer: RepeatedTimer{timeout=null, stopped=true, running=false, destroyed=true, invoking=false, timeoutMs=5000, name='JRaft-ElectionTimer-<naming_instance_metadata/172.20.0.4:7848>'}.

2024-03-31 19:29:12,025 INFO Destroy timer: RepeatedTimer{timeout=null, stopped=true, running=false, destroyed=true, invoking=false, timeoutMs=5000, name='JRaft-VoteTimer-<naming_instance_metadata/172.20.0.4:7848>'}.

2024-03-31 19:29:12,025 INFO Destroy timer: RepeatedTimer{timeout=null, stopped=true, running=false, destroyed=true, invoking=false, timeoutMs=2500, name='JRaft-StepDownTimer-<naming_instance_metadata/172.20.0.4:7848>'}.

2024-03-31 19:29:12,026 INFO Destroy timer: RepeatedTimer{timeout=null, stopped=true, running=false, destroyed=true, invoking=false, timeoutMs=1800000, name='JRaft-SnapshotTimer-<naming_instance_metadata/172.20.0.4:7848>'}.

2024-03-31 19:29:12,026 INFO Node <naming_instance_metadata/172.20.0.4:7848> shutdown, currTerm=1 state=STATE_SHUTTING.

2024-03-31 19:29:12,027 INFO Stop the RaftGroupService successfully.

2024-03-31 19:29:12,030 INFO Node <naming_persistent_service_v2/172.20.0.4:7848> shutdown, currTerm=1 state=STATE_LEADER.

2024-03-31 19:29:12,033 INFO Fail to find the next candidate.

2024-03-31 19:29:12,033 INFO onLeaderStop: status=Status[ESHUTDOWN<1007>: Raft node is going to quit.].

2024-03-31 19:29:12,043 INFO Save raft meta, path=/home/nacos/data/protocol/raft/naming_persistent_service_v2/meta-data, term=1, votedFor=172.20.0.4:7848, cost time=6 ms

2024-03-31 19:29:12,044 INFO Shutting down FSMCaller...

2024-03-31 19:29:12,044 INFO onShutdown.

2024-03-31 19:29:12,045 INFO ThreadPool is terminated: JRaft-RPC-Processor, com.alipay.sofa.jraft.util.MetricThreadPoolExecutor@714108e9[Shutting down, pool size = 0, active threads = 0, queued tasks = 0, completed tasks = 0].

2024-03-31 19:29:12,046 INFO ThreadPool is terminated: JRaft-Node-ScheduleThreadPool, com.alipay.sofa.jraft.util.MetricScheduledThreadPoolExecutor@68d64fa[Shutting down, pool size = 0, active threads = 0, queued tasks = 0, completed tasks = 0].

2024-03-31 19:29:12,046 INFO The number of active nodes decrement to 0.

2024-03-31 19:29:12,074 INFO ThreadPool is terminated: JRaft-Global-ElectionTimer, com.alipay.sofa.jraft.util.MetricScheduledThreadPoolExecutor@2487f71f[Shutting down, pool size = 2, active threads = 0, queued tasks = 0, completed tasks = 3].

2024-03-31 19:29:12,074 INFO DB destroyed, the db path is: /home/nacos/data/protocol/raft/naming_instance_metadata/log.

2024-03-31 19:29:12,074 INFO DB destroyed, the db path is: /home/nacos/data/protocol/raft/naming_service_metadata/log.

2024-03-31 19:29:12,076 INFO Destroy timer: RepeatedTimer{timeout=null, stopped=true, running=false, destroyed=true, invoking=false, timeoutMs=5000, name='JRaft-ElectionTimer-<naming_persistent_service_v2/172.20.0.4:7848>'}.

2024-03-31 19:29:12,078 INFO ThreadPool is terminated: JRaft-Global-VoteTimer, com.alipay.sofa.jraft.util.MetricScheduledThreadPoolExecutor@714c1b8d[Shutting down, pool size = 0, active threads = 0, queued tasks = 0, completed tasks = 3].

2024-03-31 19:29:12,078 INFO Destroy timer: RepeatedTimer{timeout=null, stopped=true, running=false, destroyed=true, invoking=false, timeoutMs=5000, name='JRaft-VoteTimer-<naming_persistent_service_v2/172.20.0.4:7848>'}.

2024-03-31 19:29:12,082 INFO ThreadPool is terminated: JRaft-Global-StepDownTimer, com.alipay.sofa.jraft.util.MetricScheduledThreadPoolExecutor@792ba0d6[Shutting down, pool size = 3, active threads = 0, queued tasks = 0, completed tasks = 3030].

2024-03-31 19:29:12,083 INFO Destroy timer: RepeatedTimer{timeout=null, stopped=true, running=false, destroyed=true, invoking=false, timeoutMs=2500, name='JRaft-StepDownTimer-<naming_persistent_service_v2/172.20.0.4:7848>'}.

2024-03-31 19:29:12,087 INFO ThreadPool is terminated: JRaft-Global-SnapshotTimer, com.alipay.sofa.jraft.util.MetricScheduledThreadPoolExecutor@2edd772b[Shutting down, pool size = 0, active threads = 0, queued tasks = 0, completed tasks = 3].

2024-03-31 19:29:12,087 INFO Destroy timer: RepeatedTimer{timeout=null, stopped=true, running=false, destroyed=true, invoking=false, timeoutMs=1800000, name='JRaft-SnapshotTimer-<naming_persistent_service_v2/172.20.0.4:7848>'}.

2024-03-31 19:29:12,088 INFO Node <naming_persistent_service_v2/172.20.0.4:7848> shutdown, currTerm=1 state=STATE_SHUTTING.

2024-03-31 19:29:12,089 INFO Stop the RaftGroupService successfully.

2024-03-31 19:29:12,092 INFO Shutdown managed channel: 172.20.0.4:7848, ManagedChannelOrphanWrapper{delegate=ManagedChannelImpl{logId=10, target=172.20.0.4:7848}}.

2024-03-31 19:29:12,095 INFO DB destroyed, the db path is: /home/nacos/data/protocol/raft/naming_persistent_service_v2/log.

2024-03-31 19:29:12,098 INFO The channel 172.20.0.4:7848 is in state: SHUTDOWN.

2024-03-31 19:29:12,098 WARN This channel 172.20.0.4:7848 has started shutting down. Any new RPCs should fail immediately.

2024-03-31 19:29:12,109 INFO Connection disconnected: /172.20.0.4:51348

2024-03-31 19:29:12,144 INFO ThreadPool is terminated: JRaft-RPC-Processor, com.alipay.sofa.jraft.util.MetricThreadPoolExecutor@78de430e[Shutting down, pool size = 24, active threads = 0, queued tasks = 0, completed tasks = 1838].

2024-03-31 19:32:46,578 INFO SPI service [com.alipay.sofa.jraft.JRaftServiceFactory - com.alipay.sofa.jraft.core.DefaultJRaftServiceFactory] loading.

2024-03-31 19:32:46,964 INFO SPI service [com.alipay.sofa.jraft.rpc.RaftRpcFactory - com.alipay.sofa.jraft.rpc.impl.GrpcRaftRpcFactory] loading.

2024-03-31 19:32:47,227 INFO SPI service [com.alipay.sofa.jraft.util.JRaftSignalHandler - com.alipay.sofa.jraft.NodeDescribeSignalHandler] loading.

2024-03-31 19:32:47,229 INFO SPI service [com.alipay.sofa.jraft.util.JRaftSignalHandler - com.alipay.sofa.jraft.NodeMetricsSignalHandler] loading.

2024-03-31 19:32:47,229 INFO SPI service [com.alipay.sofa.jraft.util.JRaftSignalHandler - com.alipay.sofa.jraft.ThreadPoolMetricsSignalHandler] loading.

2024-03-31 19:32:47,235 INFO SPI service [com.alipay.sofa.jraft.util.timer.RaftTimerFactory - com.alipay.sofa.jraft.util.timer.DefaultRaftTimerFactory] loading.

2024-03-31 19:32:47,242 INFO The number of active nodes increment to 1.

2024-03-31 19:32:47,917 INFO Starts FSMCaller successfully.

2024-03-31 19:32:47,927 WARN No data for snapshot reader /home/nacos/data/protocol/raft/naming_persistent_service_v2/snapshot.

2024-03-31 19:32:47,940 INFO Node <naming_persistent_service_v2/172.21.0.4:7848> init, term=0, lastLogId=LogId [index=0, term=0], conf=172.21.0.4:7848, oldConf=.

2024-03-31 19:32:47,943 INFO Node <naming_persistent_service_v2/172.21.0.4:7848> start vote and grant vote self, term=0.

2024-03-31 19:32:47,982 INFO Save raft meta, path=/home/nacos/data/protocol/raft/naming_persistent_service_v2/meta-data, term=1, votedFor=172.21.0.4:7848, cost time=29 ms

2024-03-31 19:32:47,982 INFO Node <naming_persistent_service_v2/172.21.0.4:7848> become leader of group, term=1, conf=172.21.0.4:7848, oldConf=.

2024-03-31 19:32:47,986 INFO -Djraft.recyclers.maxCapacityPerThread: 4096.

2024-03-31 19:32:47,994 WARN RPC server is not started in RaftGroupService.

2024-03-31 19:32:47,994 INFO Start the RaftGroupService successfully.

2024-03-31 19:32:48,029 INFO onLeaderStart: term=1.

2024-03-31 19:32:48,126 INFO The number of active nodes increment to 2.

2024-03-31 19:32:48,431 INFO Starts FSMCaller successfully.

2024-03-31 19:32:48,452 WARN No data for snapshot reader /home/nacos/data/protocol/raft/naming_instance_metadata/snapshot.

2024-03-31 19:32:48,470 INFO Node <naming_instance_metadata/172.21.0.4:7848> init, term=0, lastLogId=LogId [index=0, term=0], conf=172.21.0.4:7848, oldConf=.

2024-03-31 19:32:48,475 INFO Node <naming_instance_metadata/172.21.0.4:7848> start vote and grant vote self, term=0.

2024-03-31 19:32:48,490 INFO Save raft meta, path=/home/nacos/data/protocol/raft/naming_instance_metadata/meta-data, term=1, votedFor=172.21.0.4:7848, cost time=12 ms

2024-03-31 19:32:48,490 INFO Node <naming_instance_metadata/172.21.0.4:7848> become leader of group, term=1, conf=172.21.0.4:7848, oldConf=.

2024-03-31 19:32:48,492 WARN RPC server is not started in RaftGroupService.

2024-03-31 19:32:48,493 INFO Start the RaftGroupService successfully.

2024-03-31 19:32:48,497 INFO onLeaderStart: term=1.

2024-03-31 19:32:48,572 INFO The number of active nodes increment to 3.

2024-03-31 19:32:48,572 INFO Creating new channel to: 172.21.0.4:7848.

2024-03-31 19:32:48,612 INFO Starts FSMCaller successfully.

2024-03-31 19:32:48,613 WARN No data for snapshot reader /home/nacos/data/protocol/raft/naming_service_metadata/snapshot.

2024-03-31 19:32:48,614 INFO Node <naming_service_metadata/172.21.0.4:7848> init, term=0, lastLogId=LogId [index=0, term=0], conf=172.21.0.4:7848, oldConf=.

2024-03-31 19:32:48,616 INFO Node <naming_service_metadata/172.21.0.4:7848> start vote and grant vote self, term=0.

2024-03-31 19:32:48,620 INFO Save raft meta, path=/home/nacos/data/protocol/raft/naming_service_metadata/meta-data, term=1, votedFor=172.21.0.4:7848, cost time=2 ms

2024-03-31 19:32:48,620 INFO Node <naming_service_metadata/172.21.0.4:7848> become leader of group, term=1, conf=172.21.0.4:7848, oldConf=.

2024-03-31 19:32:48,621 WARN RPC server is not started in RaftGroupService.

2024-03-31 19:32:48,621 INFO Start the RaftGroupService successfully.

2024-03-31 19:32:48,623 INFO onLeaderStart: term=1.

2024-03-31 19:32:48,690 INFO The channel 172.21.0.4:7848 is in state: CONNECTING.

2024-03-31 19:32:49,608 ERROR Fail to connect 172.21.0.4:7848, remoting exception: java.util.concurrent.TimeoutException.

2024-03-31 19:32:49,611 ERROR Fail to connect 172.21.0.4:7848, remoting exception: java.util.concurrent.TimeoutException.

2024-03-31 19:32:49,628 ERROR Fail to connect peer 172.21.0.4:7848 to get leader for group naming_persistent_service_v2.

2024-03-31 19:32:49,628 ERROR Fail to connect peer 172.21.0.4:7848 to get leader for group naming_instance_metadata.

2024-03-31 19:32:50,052 INFO The channel 172.21.0.4:7848 is in state: READY.

2024-03-31 19:32:50,057 INFO The channel 172.21.0.4:7848 has successfully established.

2024-03-31 19:50:11,963 INFO Deleting snapshot /home/nacos/data/protocol/raft/naming_persistent_service_v2/snapshot/snapshot_1.

2024-03-31 19:50:11,965 INFO Renaming /home/nacos/data/protocol/raft/naming_persistent_service_v2/snapshot/temp to /home/nacos/data/protocol/raft/naming_persistent_service_v2/snapshot/snapshot_1.

2024-03-31 19:58:56,970 INFO Deleting snapshot /home/nacos/data/protocol/raft/naming_service_metadata/snapshot/snapshot_1.

2024-03-31 19:58:56,973 INFO Renaming /home/nacos/data/protocol/raft/naming_service_metadata/snapshot/temp to /home/nacos/data/protocol/raft/naming_service_metadata/snapshot/snapshot_1.

2024-03-31 19:59:01,471 INFO Deleting snapshot /home/nacos/data/protocol/raft/naming_instance_metadata/snapshot/snapshot_1.

2024-03-31 19:59:01,473 INFO Renaming /home/nacos/data/protocol/raft/naming_instance_metadata/snapshot/temp to /home/nacos/data/protocol/raft/naming_instance_metadata/snapshot/snapshot_1.

2024-03-31 20:20:11,927 INFO Truncated prefix logs in data path: /home/nacos/data/protocol/raft/naming_persistent_service_v2/log from log index 1 to 2, cost 9 ms.

2024-03-31 20:28:56,873 INFO Truncated prefix logs in data path: /home/nacos/data/protocol/raft/naming_service_metadata/log from log index 1 to 2, cost 2 ms.

2024-03-31 20:29:01,420 INFO Truncated prefix logs in data path: /home/nacos/data/protocol/raft/naming_instance_metadata/log from log index 1 to 2, cost 4 ms.

