2024-03-31 12:04:53,483 INFO notifyConnectTimeout:100

2024-03-31 12:04:53,493 INFO notifySocketTimeout:200

2024-03-31 12:04:53,493 INFO isHealthCheck:true

2024-03-31 12:04:53,494 INFO maxHealthCheckFailCount:12

2024-03-31 12:04:53,495 INFO maxContent:10485760

2024-03-31 12:05:06,506 WARN DumpService start

2024-03-31 12:05:06,510 INFO start clear all config-info.

2024-03-31 12:05:06,511 WARN clear all config-info failed.

2024-03-31 12:05:06,512 WARN clear all config-info-tenant failed.

2024-03-31 12:05:06,847 INFO [all-dump] 23 / 23

2024-03-31 12:05:06,847 INFO start clear all config-info-beta.

2024-03-31 12:05:06,847 WARN clear all config-info-beta failed.

2024-03-31 12:05:06,847 WARN clear all config-info-beta-tenant failed.

2024-03-31 12:05:06,858 INFO start clear all config-info-tag.

2024-03-31 12:05:06,859 WARN clear all config-info-tag failed.

2024-03-31 12:05:06,859 WARN clear all config-info-tag-tenant failed.

2024-03-31 15:32:15,697 INFO notifyConnectTimeout:100

2024-03-31 15:32:15,706 INFO notifySocketTimeout:200

2024-03-31 15:32:15,707 INFO isHealthCheck:true

2024-03-31 15:32:15,708 INFO maxHealthCheckFailCount:12

2024-03-31 15:32:15,708 INFO maxContent:10485760

2024-03-31 15:32:34,394 WARN DumpService start

2024-03-31 15:32:34,399 INFO start clear all config-info.

2024-03-31 15:32:34,401 WARN clear all config-info failed.

2024-03-31 15:32:34,401 WARN clear all config-info-tenant failed.

2024-03-31 15:32:34,928 INFO [all-dump] 23 / 23

2024-03-31 15:32:34,930 INFO start clear all config-info-beta.

2024-03-31 15:32:34,931 WARN clear all config-info-beta failed.

2024-03-31 15:32:34,933 WARN clear all config-info-beta-tenant failed.

2024-03-31 15:32:34,946 INFO start clear all config-info-tag.

2024-03-31 15:32:34,948 WARN clear all config-info-tag failed.

2024-03-31 15:32:34,950 WARN clear all config-info-tag-tenant failed.

2024-03-31 18:46:36,391 INFO notifyConnectTimeout:100

2024-03-31 18:46:36,402 INFO notifySocketTimeout:200

2024-03-31 18:46:36,402 INFO isHealthCheck:true

2024-03-31 18:46:36,403 INFO maxHealthCheckFailCount:12

2024-03-31 18:46:36,403 INFO maxContent:10485760

2024-03-31 18:46:48,552 WARN DumpService start

2024-03-31 18:46:48,555 INFO start clear all config-info.

2024-03-31 18:46:48,556 WARN clear all config-info failed.

2024-03-31 18:46:48,556 WARN clear all config-info-tenant failed.

2024-03-31 18:46:48,867 INFO [all-dump] 23 / 23

2024-03-31 18:46:48,867 INFO start clear all config-info-beta.

2024-03-31 18:46:48,867 WARN clear all config-info-beta failed.

2024-03-31 18:46:48,868 WARN clear all config-info-beta-tenant failed.

2024-03-31 18:46:48,876 INFO start clear all config-info-tag.

2024-03-31 18:46:48,876 WARN clear all config-info-tag failed.

2024-03-31 18:46:48,876 WARN clear all config-info-tag-tenant failed.

2024-03-31 19:32:31,645 INFO notifyConnectTimeout:100

2024-03-31 19:32:31,652 INFO notifySocketTimeout:200

2024-03-31 19:32:31,653 INFO isHealthCheck:true

2024-03-31 19:32:31,653 INFO maxHealthCheckFailCount:12

2024-03-31 19:32:31,653 INFO maxContent:10485760

2024-03-31 19:32:43,834 WARN DumpService start

2024-03-31 19:32:43,836 INFO start clear all config-info.

2024-03-31 19:32:43,838 WARN clear all config-info failed.

2024-03-31 19:32:43,838 WARN clear all config-info-tenant failed.

2024-03-31 19:32:44,157 INFO [all-dump] 23 / 23

2024-03-31 19:32:44,158 INFO start clear all config-info-beta.

2024-03-31 19:32:44,158 WARN clear all config-info-beta failed.

2024-03-31 19:32:44,158 WARN clear all config-info-beta-tenant failed.

2024-03-31 19:32:44,166 INFO start clear all config-info-tag.

2024-03-31 19:32:44,167 WARN clear all config-info-tag failed.

2024-03-31 19:32:44,167 WARN clear all config-info-tag-tenant failed.

