2024-03-31 03:14:58,184 INFO shutdown jraft server

2024-03-31 03:14:58,192 INFO ========= The raft protocol is starting to close =========

2024-03-31 03:14:58,489 INFO ========= The raft protocol has been closed =========

2024-03-31 12:05:09,529 INFO Initializes the Raft protocol, raft-config info : {}

2024-03-31 12:05:10,094 INFO ========= The raft protocol is starting... =========

2024-03-31 12:05:10,138 INFO ========= The raft protocol start finished... =========

2024-03-31 12:05:10,229 INFO create raft group : naming_persistent_service_v2

2024-03-31 12:05:11,058 INFO This Raft event changes : RaftEvent{groupId='naming_persistent_service_v2', leader='172.18.0.4:7848', term=1, raftClusterInfo=[172.18.0.4:7848]}

2024-03-31 12:05:11,132 INFO create raft group : naming_instance_metadata

2024-03-31 12:05:11,195 INFO This Raft event changes : RaftEvent{groupId='naming_instance_metadata', leader='172.18.0.4:7848', term=1, raftClusterInfo=[172.18.0.4:7848]}

2024-03-31 12:05:11,553 INFO create raft group : naming_service_metadata

2024-03-31 12:05:11,621 INFO This Raft event changes : RaftEvent{groupId='naming_service_metadata', leader='172.18.0.4:7848', term=1, raftClusterInfo=[172.18.0.4:7848]}

2024-03-31 12:05:12,728 ERROR Failed to join the cluster, retry...

java.lang.IllegalStateException: Fail to get leader of group naming_service_metadata
	at com.alipay.sofa.jraft.core.CliServiceImpl.getPeers(CliServiceImpl.java:605)
	at com.alipay.sofa.jraft.core.CliServiceImpl.getPeers(CliServiceImpl.java:498)
	at com.alibaba.nacos.core.distributed.raft.JRaftServer.registerSelfToCluster(JRaftServer.java:353)
	at com.alibaba.nacos.core.distributed.raft.JRaftServer.lambda$createMultiRaftGroup$0(JRaftServer.java:264)
	at java.util.concurrent.Executors$RunnableAdapter.call(Executors.java:511)
	at java.util.concurrent.FutureTask.run(FutureTask.java:266)
	at java.util.concurrent.ScheduledThreadPoolExecutor$ScheduledFutureTask.access$201(ScheduledThreadPoolExecutor.java:180)
	at java.util.concurrent.ScheduledThreadPoolExecutor$ScheduledFutureTask.run(ScheduledThreadPoolExecutor.java:293)
	at java.util.concurrent.ThreadPoolExecutor.runWorker(ThreadPoolExecutor.java:1149)
	at java.util.concurrent.ThreadPoolExecutor$Worker.run(ThreadPoolExecutor.java:624)
	at java.lang.Thread.run(Thread.java:750)
2024-03-31 12:05:12,728 ERROR Failed to join the cluster, retry...

java.lang.IllegalStateException: Fail to get leader of group naming_instance_metadata
	at com.alipay.sofa.jraft.core.CliServiceImpl.getPeers(CliServiceImpl.java:605)
	at com.alipay.sofa.jraft.core.CliServiceImpl.getPeers(CliServiceImpl.java:498)
	at com.alibaba.nacos.core.distributed.raft.JRaftServer.registerSelfToCluster(JRaftServer.java:353)
	at com.alibaba.nacos.core.distributed.raft.JRaftServer.lambda$createMultiRaftGroup$0(JRaftServer.java:264)
	at java.util.concurrent.Executors$RunnableAdapter.call(Executors.java:511)
	at java.util.concurrent.FutureTask.run(FutureTask.java:266)
	at java.util.concurrent.ScheduledThreadPoolExecutor$ScheduledFutureTask.access$201(ScheduledThreadPoolExecutor.java:180)
	at java.util.concurrent.ScheduledThreadPoolExecutor$ScheduledFutureTask.run(ScheduledThreadPoolExecutor.java:293)
	at java.util.concurrent.ThreadPoolExecutor.runWorker(ThreadPoolExecutor.java:1149)
	at java.util.concurrent.ThreadPoolExecutor$Worker.run(ThreadPoolExecutor.java:624)
	at java.lang.Thread.run(Thread.java:750)
2024-03-31 12:05:12,728 ERROR Failed to join the cluster, retry...

java.lang.IllegalStateException: Fail to get leader of group naming_persistent_service_v2
	at com.alipay.sofa.jraft.core.CliServiceImpl.getPeers(CliServiceImpl.java:605)
	at com.alipay.sofa.jraft.core.CliServiceImpl.getPeers(CliServiceImpl.java:498)
	at com.alibaba.nacos.core.distributed.raft.JRaftServer.registerSelfToCluster(JRaftServer.java:353)
	at com.alibaba.nacos.core.distributed.raft.JRaftServer.lambda$createMultiRaftGroup$0(JRaftServer.java:264)
	at java.util.concurrent.Executors$RunnableAdapter.call(Executors.java:511)
	at java.util.concurrent.FutureTask.run(FutureTask.java:266)
	at java.util.concurrent.ScheduledThreadPoolExecutor$ScheduledFutureTask.access$201(ScheduledThreadPoolExecutor.java:180)
	at java.util.concurrent.ScheduledThreadPoolExecutor$ScheduledFutureTask.run(ScheduledThreadPoolExecutor.java:293)
	at java.util.concurrent.ThreadPoolExecutor.runWorker(ThreadPoolExecutor.java:1149)
	at java.util.concurrent.ThreadPoolExecutor$Worker.run(ThreadPoolExecutor.java:624)
	at java.lang.Thread.run(Thread.java:750)
2024-03-31 15:31:15,371 INFO shutdown jraft server

2024-03-31 15:31:15,374 INFO ========= The raft protocol is starting to close =========

2024-03-31 15:31:15,597 INFO ========= The raft protocol has been closed =========

2024-03-31 15:32:38,449 INFO Initializes the Raft protocol, raft-config info : {}

2024-03-31 15:32:39,189 INFO ========= The raft protocol is starting... =========

2024-03-31 15:32:39,246 INFO ========= The raft protocol start finished... =========

2024-03-31 15:32:39,362 INFO create raft group : naming_persistent_service_v2

2024-03-31 15:32:40,395 INFO This Raft event changes : RaftEvent{groupId='naming_persistent_service_v2', leader='172.19.0.4:7848', term=1, raftClusterInfo=[172.19.0.4:7848]}

2024-03-31 15:32:40,596 INFO create raft group : naming_instance_metadata

2024-03-31 15:32:41,013 INFO This Raft event changes : RaftEvent{groupId='naming_instance_metadata', leader='172.19.0.4:7848', term=1, raftClusterInfo=[172.19.0.4:7848]}

2024-03-31 15:32:41,103 INFO create raft group : naming_service_metadata

2024-03-31 15:32:41,201 INFO This Raft event changes : RaftEvent{groupId='naming_service_metadata', leader='172.19.0.4:7848', term=1, raftClusterInfo=[172.19.0.4:7848]}

2024-03-31 15:32:42,117 ERROR Failed to join the cluster, retry...

java.lang.IllegalStateException: Fail to get leader of group naming_instance_metadata
	at com.alipay.sofa.jraft.core.CliServiceImpl.getPeers(CliServiceImpl.java:605)
	at com.alipay.sofa.jraft.core.CliServiceImpl.getPeers(CliServiceImpl.java:498)
	at com.alibaba.nacos.core.distributed.raft.JRaftServer.registerSelfToCluster(JRaftServer.java:353)
	at com.alibaba.nacos.core.distributed.raft.JRaftServer.lambda$createMultiRaftGroup$0(JRaftServer.java:264)
	at java.util.concurrent.Executors$RunnableAdapter.call(Executors.java:511)
	at java.util.concurrent.FutureTask.run(FutureTask.java:266)
	at java.util.concurrent.ScheduledThreadPoolExecutor$ScheduledFutureTask.access$201(ScheduledThreadPoolExecutor.java:180)
	at java.util.concurrent.ScheduledThreadPoolExecutor$ScheduledFutureTask.run(ScheduledThreadPoolExecutor.java:293)
	at java.util.concurrent.ThreadPoolExecutor.runWorker(ThreadPoolExecutor.java:1149)
	at java.util.concurrent.ThreadPoolExecutor$Worker.run(ThreadPoolExecutor.java:624)
	at java.lang.Thread.run(Thread.java:750)
2024-03-31 15:32:42,116 ERROR Failed to join the cluster, retry...

java.lang.IllegalStateException: Fail to get leader of group naming_persistent_service_v2
	at com.alipay.sofa.jraft.core.CliServiceImpl.getPeers(CliServiceImpl.java:605)
	at com.alipay.sofa.jraft.core.CliServiceImpl.getPeers(CliServiceImpl.java:498)
	at com.alibaba.nacos.core.distributed.raft.JRaftServer.registerSelfToCluster(JRaftServer.java:353)
	at com.alibaba.nacos.core.distributed.raft.JRaftServer.lambda$createMultiRaftGroup$0(JRaftServer.java:264)
	at java.util.concurrent.Executors$RunnableAdapter.call(Executors.java:511)
	at java.util.concurrent.FutureTask.run(FutureTask.java:266)
	at java.util.concurrent.ScheduledThreadPoolExecutor$ScheduledFutureTask.access$201(ScheduledThreadPoolExecutor.java:180)
	at java.util.concurrent.ScheduledThreadPoolExecutor$ScheduledFutureTask.run(ScheduledThreadPoolExecutor.java:293)
	at java.util.concurrent.ThreadPoolExecutor.runWorker(ThreadPoolExecutor.java:1149)
	at java.util.concurrent.ThreadPoolExecutor$Worker.run(ThreadPoolExecutor.java:624)
	at java.lang.Thread.run(Thread.java:750)
2024-03-31 18:42:47,651 INFO shutdown jraft server

2024-03-31 18:42:47,653 INFO ========= The raft protocol is starting to close =========

2024-03-31 18:42:47,873 INFO ========= The raft protocol has been closed =========

2024-03-31 18:46:51,324 INFO Initializes the Raft protocol, raft-config info : {}

2024-03-31 18:46:51,851 INFO ========= The raft protocol is starting... =========

2024-03-31 18:46:51,908 INFO ========= The raft protocol start finished... =========

2024-03-31 18:46:52,001 INFO create raft group : naming_persistent_service_v2

2024-03-31 18:46:52,849 INFO This Raft event changes : RaftEvent{groupId='naming_persistent_service_v2', leader='172.20.0.4:7848', term=1, raftClusterInfo=[172.20.0.4:7848]}

2024-03-31 18:46:53,003 INFO create raft group : naming_instance_metadata

2024-03-31 18:46:53,372 INFO This Raft event changes : RaftEvent{groupId='naming_instance_metadata', leader='172.20.0.4:7848', term=1, raftClusterInfo=[172.20.0.4:7848]}

2024-03-31 18:46:53,450 INFO create raft group : naming_service_metadata

2024-03-31 18:46:53,502 INFO This Raft event changes : RaftEvent{groupId='naming_service_metadata', leader='172.20.0.4:7848', term=1, raftClusterInfo=[172.20.0.4:7848]}

2024-03-31 18:46:54,506 ERROR Failed to join the cluster, retry...

java.lang.IllegalStateException: Fail to get leader of group naming_persistent_service_v2
	at com.alipay.sofa.jraft.core.CliServiceImpl.getPeers(CliServiceImpl.java:605)
	at com.alipay.sofa.jraft.core.CliServiceImpl.getPeers(CliServiceImpl.java:498)
	at com.alibaba.nacos.core.distributed.raft.JRaftServer.registerSelfToCluster(JRaftServer.java:353)
	at com.alibaba.nacos.core.distributed.raft.JRaftServer.lambda$createMultiRaftGroup$0(JRaftServer.java:264)
	at java.util.concurrent.Executors$RunnableAdapter.call(Executors.java:511)
	at java.util.concurrent.FutureTask.run(FutureTask.java:266)
	at java.util.concurrent.ScheduledThreadPoolExecutor$ScheduledFutureTask.access$201(ScheduledThreadPoolExecutor.java:180)
	at java.util.concurrent.ScheduledThreadPoolExecutor$ScheduledFutureTask.run(ScheduledThreadPoolExecutor.java:293)
	at java.util.concurrent.ThreadPoolExecutor.runWorker(ThreadPoolExecutor.java:1149)
	at java.util.concurrent.ThreadPoolExecutor$Worker.run(ThreadPoolExecutor.java:624)
	at java.lang.Thread.run(Thread.java:750)
2024-03-31 18:46:54,506 ERROR Failed to join the cluster, retry...

java.lang.IllegalStateException: Fail to get leader of group naming_instance_metadata
	at com.alipay.sofa.jraft.core.CliServiceImpl.getPeers(CliServiceImpl.java:605)
	at com.alipay.sofa.jraft.core.CliServiceImpl.getPeers(CliServiceImpl.java:498)
	at com.alibaba.nacos.core.distributed.raft.JRaftServer.registerSelfToCluster(JRaftServer.java:353)
	at com.alibaba.nacos.core.distributed.raft.JRaftServer.lambda$createMultiRaftGroup$0(JRaftServer.java:264)
	at java.util.concurrent.Executors$RunnableAdapter.call(Executors.java:511)
	at java.util.concurrent.FutureTask.run(FutureTask.java:266)
	at java.util.concurrent.ScheduledThreadPoolExecutor$ScheduledFutureTask.access$201(ScheduledThreadPoolExecutor.java:180)
	at java.util.concurrent.ScheduledThreadPoolExecutor$ScheduledFutureTask.run(ScheduledThreadPoolExecutor.java:293)
	at java.util.concurrent.ThreadPoolExecutor.runWorker(ThreadPoolExecutor.java:1149)
	at java.util.concurrent.ThreadPoolExecutor$Worker.run(ThreadPoolExecutor.java:624)
	at java.lang.Thread.run(Thread.java:750)
2024-03-31 19:29:11,941 INFO shutdown jraft server

2024-03-31 19:29:11,942 INFO ========= The raft protocol is starting to close =========

2024-03-31 19:29:12,144 INFO ========= The raft protocol has been closed =========

2024-03-31 19:32:46,543 INFO Initializes the Raft protocol, raft-config info : {}

2024-03-31 19:32:47,068 INFO ========= The raft protocol is starting... =========

2024-03-31 19:32:47,121 INFO ========= The raft protocol start finished... =========

2024-03-31 19:32:47,208 INFO create raft group : naming_persistent_service_v2

2024-03-31 19:32:48,034 INFO This Raft event changes : RaftEvent{groupId='naming_persistent_service_v2', leader='172.21.0.4:7848', term=1, raftClusterInfo=[172.21.0.4:7848]}

2024-03-31 19:32:48,126 INFO create raft group : naming_instance_metadata

2024-03-31 19:32:48,502 INFO This Raft event changes : RaftEvent{groupId='naming_instance_metadata', leader='172.21.0.4:7848', term=1, raftClusterInfo=[172.21.0.4:7848]}

2024-03-31 19:32:48,570 INFO create raft group : naming_service_metadata

2024-03-31 19:32:48,623 INFO This Raft event changes : RaftEvent{groupId='naming_service_metadata', leader='172.21.0.4:7848', term=1, raftClusterInfo=[172.21.0.4:7848]}

2024-03-31 19:32:49,632 ERROR Failed to join the cluster, retry...

java.lang.IllegalStateException: Fail to get leader of group naming_instance_metadata
	at com.alipay.sofa.jraft.core.CliServiceImpl.getPeers(CliServiceImpl.java:605)
	at com.alipay.sofa.jraft.core.CliServiceImpl.getPeers(CliServiceImpl.java:498)
	at com.alibaba.nacos.core.distributed.raft.JRaftServer.registerSelfToCluster(JRaftServer.java:353)
	at com.alibaba.nacos.core.distributed.raft.JRaftServer.lambda$createMultiRaftGroup$0(JRaftServer.java:264)
	at java.util.concurrent.Executors$RunnableAdapter.call(Executors.java:511)
	at java.util.concurrent.FutureTask.run(FutureTask.java:266)
	at java.util.concurrent.ScheduledThreadPoolExecutor$ScheduledFutureTask.access$201(ScheduledThreadPoolExecutor.java:180)
	at java.util.concurrent.ScheduledThreadPoolExecutor$ScheduledFutureTask.run(ScheduledThreadPoolExecutor.java:293)
	at java.util.concurrent.ThreadPoolExecutor.runWorker(ThreadPoolExecutor.java:1149)
	at java.util.concurrent.ThreadPoolExecutor$Worker.run(ThreadPoolExecutor.java:624)
	at java.lang.Thread.run(Thread.java:750)
2024-03-31 19:32:49,632 ERROR Failed to join the cluster, retry...

java.lang.IllegalStateException: Fail to get leader of group naming_persistent_service_v2
	at com.alipay.sofa.jraft.core.CliServiceImpl.getPeers(CliServiceImpl.java:605)
	at com.alipay.sofa.jraft.core.CliServiceImpl.getPeers(CliServiceImpl.java:498)
	at com.alibaba.nacos.core.distributed.raft.JRaftServer.registerSelfToCluster(JRaftServer.java:353)
	at com.alibaba.nacos.core.distributed.raft.JRaftServer.lambda$createMultiRaftGroup$0(JRaftServer.java:264)
	at java.util.concurrent.Executors$RunnableAdapter.call(Executors.java:511)
	at java.util.concurrent.FutureTask.run(FutureTask.java:266)
	at java.util.concurrent.ScheduledThreadPoolExecutor$ScheduledFutureTask.access$201(ScheduledThreadPoolExecutor.java:180)
	at java.util.concurrent.ScheduledThreadPoolExecutor$ScheduledFutureTask.run(ScheduledThreadPoolExecutor.java:293)
	at java.util.concurrent.ThreadPoolExecutor.runWorker(ThreadPoolExecutor.java:1149)
	at java.util.concurrent.ThreadPoolExecutor$Worker.run(ThreadPoolExecutor.java:624)
	at java.lang.Thread.run(Thread.java:750)
