2024-03-31 03:14:57,510 INFO Nacos GrpcClusterServer Rpc server stopping

2024-03-31 03:14:57,513 INFO Nacos GrpcSdkServer Rpc server stopping

2024-03-31 03:14:57,781 INFO Nacos GrpcSdkServer Rpc server stopped successfully...

2024-03-31 03:14:57,781 INFO Nacos GrpcClusterServer Rpc server stopped successfully...

2024-03-31 12:05:03,999 INFO [ClientConnectionEventListenerRegistry] registry listener - ConnectionBasedClientManager

2024-03-31 12:05:07,316 INFO [ClientConnectionEventListenerRegistry] registry listener - ConfigConnectionEventListener

2024-03-31 12:05:07,405 INFO [ClientConnectionEventListenerRegistry] registry listener - RpcAckCallbackInitorOrCleaner

2024-03-31 12:05:07,539 INFO Nacos GrpcSdkServer Rpc server starting at port 9848 and tls config:{"sslProvider":"","enableTls":false,"mutualAuthEnable":false,"trustAll":false,"compatibility":true}

2024-03-31 12:05:08,563 WARN Recommended use 'nacos.remote.server.grpc.sdk.max-inbound-message-size' property instead 'nacos.remote.server.grpc.maxinbound.message.size', now property value is 10485760

2024-03-31 12:05:09,087 INFO Nacos GrpcSdkServer Rpc server started at port 9848 and tls config:{"sslProvider":"","enableTls":false,"mutualAuthEnable":false,"trustAll":false,"compatibility":true}

2024-03-31 12:05:09,188 INFO Nacos GrpcClusterServer Rpc server starting at port 9849 and tls config:{"sslProvider":"","enableTls":false,"mutualAuthEnable":false,"trustAll":false,"compatibility":true}

2024-03-31 12:05:09,197 WARN Recommended use 'nacos.remote.server.grpc.cluster.max-inbound-message-size' property instead 'nacos.remote.server.grpc.maxinbound.message.size', now property value is 10485760

2024-03-31 12:05:09,206 INFO Nacos GrpcClusterServer Rpc server started at port 9849 and tls config:{"sslProvider":"","enableTls":false,"mutualAuthEnable":false,"trustAll":false,"compatibility":true}

2024-03-31 15:31:14,943 INFO Nacos GrpcClusterServer Rpc server stopping

2024-03-31 15:31:14,946 INFO Nacos GrpcSdkServer Rpc server stopping

2024-03-31 15:31:15,074 INFO Nacos GrpcClusterServer Rpc server stopped successfully...

2024-03-31 15:31:15,074 INFO Nacos GrpcSdkServer Rpc server stopped successfully...

2024-03-31 15:32:28,950 INFO [ClientConnectionEventListenerRegistry] registry listener - ConnectionBasedClientManager

2024-03-31 15:32:35,646 INFO [ClientConnectionEventListenerRegistry] registry listener - ConfigConnectionEventListener

2024-03-31 15:32:35,801 INFO [ClientConnectionEventListenerRegistry] registry listener - RpcAckCallbackInitorOrCleaner

2024-03-31 15:32:35,947 INFO Nacos GrpcSdkServer Rpc server starting at port 9848 and tls config:{"sslProvider":"","enableTls":false,"mutualAuthEnable":false,"trustAll":false,"compatibility":true}

2024-03-31 15:32:37,466 WARN Recommended use 'nacos.remote.server.grpc.sdk.max-inbound-message-size' property instead 'nacos.remote.server.grpc.maxinbound.message.size', now property value is 10485760

2024-03-31 15:32:38,011 INFO Nacos GrpcSdkServer Rpc server started at port 9848 and tls config:{"sslProvider":"","enableTls":false,"mutualAuthEnable":false,"trustAll":false,"compatibility":true}

2024-03-31 15:32:38,117 INFO Nacos GrpcClusterServer Rpc server starting at port 9849 and tls config:{"sslProvider":"","enableTls":false,"mutualAuthEnable":false,"trustAll":false,"compatibility":true}

2024-03-31 15:32:38,127 WARN Recommended use 'nacos.remote.server.grpc.cluster.max-inbound-message-size' property instead 'nacos.remote.server.grpc.maxinbound.message.size', now property value is 10485760

2024-03-31 15:32:38,137 INFO Nacos GrpcClusterServer Rpc server started at port 9849 and tls config:{"sslProvider":"","enableTls":false,"mutualAuthEnable":false,"trustAll":false,"compatibility":true}

2024-03-31 18:42:47,449 INFO Nacos GrpcSdkServer Rpc server stopping

2024-03-31 18:42:47,449 INFO Nacos GrpcClusterServer Rpc server stopping

2024-03-31 18:42:47,529 INFO Nacos GrpcSdkServer Rpc server stopped successfully...

2024-03-31 18:42:47,529 INFO Nacos GrpcClusterServer Rpc server stopped successfully...

2024-03-31 18:46:46,190 INFO [ClientConnectionEventListenerRegistry] registry listener - ConnectionBasedClientManager

2024-03-31 18:46:49,245 INFO [ClientConnectionEventListenerRegistry] registry listener - ConfigConnectionEventListener

2024-03-31 18:46:49,320 INFO [ClientConnectionEventListenerRegistry] registry listener - RpcAckCallbackInitorOrCleaner

2024-03-31 18:46:49,445 INFO Nacos GrpcSdkServer Rpc server starting at port 9848 and tls config:{"sslProvider":"","enableTls":false,"mutualAuthEnable":false,"trustAll":false,"compatibility":true}

2024-03-31 18:46:50,455 WARN Recommended use 'nacos.remote.server.grpc.sdk.max-inbound-message-size' property instead 'nacos.remote.server.grpc.maxinbound.message.size', now property value is 10485760

2024-03-31 18:46:50,953 INFO Nacos GrpcSdkServer Rpc server started at port 9848 and tls config:{"sslProvider":"","enableTls":false,"mutualAuthEnable":false,"trustAll":false,"compatibility":true}

2024-03-31 18:46:51,034 INFO Nacos GrpcClusterServer Rpc server starting at port 9849 and tls config:{"sslProvider":"","enableTls":false,"mutualAuthEnable":false,"trustAll":false,"compatibility":true}

2024-03-31 18:46:51,044 WARN Recommended use 'nacos.remote.server.grpc.cluster.max-inbound-message-size' property instead 'nacos.remote.server.grpc.maxinbound.message.size', now property value is 10485760

2024-03-31 18:46:51,053 INFO Nacos GrpcClusterServer Rpc server started at port 9849 and tls config:{"sslProvider":"","enableTls":false,"mutualAuthEnable":false,"trustAll":false,"compatibility":true}

2024-03-31 19:29:11,784 INFO Nacos GrpcClusterServer Rpc server stopping

2024-03-31 19:29:11,787 INFO Nacos GrpcSdkServer Rpc server stopping

2024-03-31 19:29:11,841 INFO Nacos GrpcSdkServer Rpc server stopped successfully...

2024-03-31 19:29:11,841 INFO Nacos GrpcClusterServer Rpc server stopped successfully...

2024-03-31 19:32:41,284 INFO [ClientConnectionEventListenerRegistry] registry listener - ConnectionBasedClientManager

2024-03-31 19:32:44,527 INFO [ClientConnectionEventListenerRegistry] registry listener - ConfigConnectionEventListener

2024-03-31 19:32:44,605 INFO [ClientConnectionEventListenerRegistry] registry listener - RpcAckCallbackInitorOrCleaner

2024-03-31 19:32:44,725 INFO Nacos GrpcSdkServer Rpc server starting at port 9848 and tls config:{"sslProvider":"","enableTls":false,"mutualAuthEnable":false,"trustAll":false,"compatibility":true}

2024-03-31 19:32:45,671 WARN Recommended use 'nacos.remote.server.grpc.sdk.max-inbound-message-size' property instead 'nacos.remote.server.grpc.maxinbound.message.size', now property value is 10485760

2024-03-31 19:32:46,195 INFO Nacos GrpcSdkServer Rpc server started at port 9848 and tls config:{"sslProvider":"","enableTls":false,"mutualAuthEnable":false,"trustAll":false,"compatibility":true}

2024-03-31 19:32:46,280 INFO Nacos GrpcClusterServer Rpc server starting at port 9849 and tls config:{"sslProvider":"","enableTls":false,"mutualAuthEnable":false,"trustAll":false,"compatibility":true}

2024-03-31 19:32:46,290 WARN Recommended use 'nacos.remote.server.grpc.cluster.max-inbound-message-size' property instead 'nacos.remote.server.grpc.maxinbound.message.size', now property value is 10485760

2024-03-31 19:32:46,299 INFO Nacos GrpcClusterServer Rpc server started at port 9849 and tls config:{"sslProvider":"","enableTls":false,"mutualAuthEnable":false,"trustAll":false,"compatibility":true}

